  Bishop.cpp
C:\Users\Henry\source\repos\HenryWilder\cchess-2-2\cchess-2-2\Board.h(17,12): error C3646: 'color': unknown override specifier
C:\Users\Henry\source\repos\HenryWilder\cchess-2-2\cchess-2-2\Board.h(17,18): error C2059: syntax error: ':'
C:\Users\Henry\source\repos\HenryWilder\cchess-2-2\cchess-2-2\Board.h(17,18): error C2334: unexpected token(s) preceding ':'; skipping apparent function body
C:\Users\Henry\source\repos\HenryWilder\cchess-2-2\cchess-2-2\Board.h(24,11): error C2079: 'UnitData::BoardStateMemory::m_stateData' uses undefined struct 'UnitData'
C:\Users\Henry\source\repos\HenryWilder\cchess-2-2\cchess-2-2\Board.h(33,23): error C2061: syntax error: identifier 'Unit'
C:\Users\Henry\source\repos\HenryWilder\cchess-2-2\cchess-2-2\Board.h(42,14): error C2065: 'Unit': undeclared identifier
C:\Users\Henry\source\repos\HenryWilder\cchess-2-2\cchess-2-2\Board.h(42,19): error C2059: syntax error: '>'
C:\Users\Henry\source\repos\HenryWilder\cchess-2-2\cchess-2-2\Board.h(43,14): error C2065: 'Unit': undeclared identifier
C:\Users\Henry\source\repos\HenryWilder\cchess-2-2\cchess-2-2\Board.h(43,19): error C2059: syntax error: '>'
C:\Users\Henry\source\repos\HenryWilder\cchess-2-2\cchess-2-2\Board.h(47,20): error C2065: 'Unit': undeclared identifier
C:\Users\Henry\source\repos\HenryWilder\cchess-2-2\cchess-2-2\Board.h(47,25): error C2059: syntax error: '>'
C:\Users\Henry\source\repos\HenryWilder\cchess-2-2\cchess-2-2\Board.h(47,25): error C4430: missing type specifier - int assumed. Note: C++ does not support default-int
C:\Users\Henry\source\repos\HenryWilder\cchess-2-2\cchess-2-2\Board.h(47): error C2062: type 'unknown-type' unexpected
C:\Users\Henry\source\repos\HenryWilder\cchess-2-2\cchess-2-2\Board.h(47,64): error C2238: unexpected token(s) preceding ';'
C:\Users\Henry\source\repos\HenryWilder\cchess-2-2\cchess-2-2\Board.h(48,14): error C2065: 'Unit': undeclared identifier
C:\Users\Henry\source\repos\HenryWilder\cchess-2-2\cchess-2-2\Board.h(48,19): error C2059: syntax error: '>'
C:\Users\Henry\source\repos\HenryWilder\cchess-2-2\cchess-2-2\Board.h(48,35): error C2061: syntax error: identifier 'UnitColor'
C:\Users\Henry\source\repos\HenryWilder\cchess-2-2\cchess-2-2\Board.h(50,27): error C2061: syntax error: identifier 'UnitColor'
C:\Users\Henry\source\repos\HenryWilder\cchess-2-2\cchess-2-2\Board.h(51,35): error C2061: syntax error: identifier 'Piece'
C:\Users\Henry\source\repos\HenryWilder\cchess-2-2\cchess-2-2\Board.h(53,12): error C3646: 'CurrentTeam': unknown override specifier
C:\Users\Henry\source\repos\HenryWilder\cchess-2-2\cchess-2-2\Board.h(53,23): error C2059: syntax error: '('
C:\Users\Henry\source\repos\HenryWilder\cchess-2-2\cchess-2-2\Board.h(53,25): error C2238: unexpected token(s) preceding ';'
C:\Users\Henry\source\repos\HenryWilder\cchess-2-2\cchess-2-2\Board.h(54,12): error C3646: 'OpponentTeam': unknown override specifier
C:\Users\Henry\source\repos\HenryWilder\cchess-2-2\cchess-2-2\Board.h(54,24): error C2059: syntax error: '('
C:\Users\Henry\source\repos\HenryWilder\cchess-2-2\cchess-2-2\Board.h(54,26): error C2238: unexpected token(s) preceding ';'
C:\Users\Henry\source\repos\HenryWilder\cchess-2-2\cchess-2-2\Board.h(57,6): error C2143: syntax error: missing ';' before '*'
C:\Users\Henry\source\repos\HenryWilder\cchess-2-2\cchess-2-2\Board.h(57,6): error C4430: missing type specifier - int assumed. Note: C++ does not support default-int
C:\Users\Henry\source\repos\HenryWilder\cchess-2-2\cchess-2-2\Board.h(57,51): error C2238: unexpected token(s) preceding ';'
C:\Users\Henry\source\repos\HenryWilder\cchess-2-2\cchess-2-2\Board.h(58,6): error C2143: syntax error: missing ';' before '*'
C:\Users\Henry\source\repos\HenryWilder\cchess-2-2\cchess-2-2\Board.h(58,6): error C4430: missing type specifier - int assumed. Note: C++ does not support default-int
C:\Users\Henry\source\repos\HenryWilder\cchess-2-2\cchess-2-2\Board.h(58,31): error C2238: unexpected token(s) preceding ';'
C:\Users\Henry\source\repos\HenryWilder\cchess-2-2\cchess-2-2\Board.h(59,30): error C2061: syntax error: identifier 'UnitColor'
C:\Users\Henry\source\repos\HenryWilder\cchess-2-2\cchess-2-2\Board.h(76,54): error C4430: missing type specifier - int assumed. Note: C++ does not support default-int
C:\Users\Henry\source\repos\HenryWilder\cchess-2-2\cchess-2-2\Board.h(76,54): error C2143: syntax error: missing ',' before '*'
C:\Users\Henry\source\repos\HenryWilder\cchess-2-2\cchess-2-2\Board.h(78,17): error C2061: syntax error: identifier 'Unit'
C:\Users\Henry\source\repos\HenryWilder\cchess-2-2\cchess-2-2\Board.h(80,25): error C2061: syntax error: identifier 'PieceMoves'
C:\Users\Henry\source\repos\HenryWilder\cchess-2-2\cchess-2-2\Board.h(81,27): error C2061: syntax error: identifier 'PieceMoves'
C:\Users\Henry\source\repos\HenryWilder\cchess-2-2\cchess-2-2\Board.h(83,35): error C4430: missing type specifier - int assumed. Note: C++ does not support default-int
C:\Users\Henry\source\repos\HenryWilder\cchess-2-2\cchess-2-2\Board.h(83,35): error C2146: syntax error: missing ')' before identifier 'team'
C:\Users\Henry\source\repos\HenryWilder\cchess-2-2\cchess-2-2\Board.h(83,35): error C3646: 'team': unknown override specifier
C:\Users\Henry\source\repos\HenryWilder\cchess-2-2\cchess-2-2\Board.h(83,46): error C2143: syntax error: missing ';' before '&'
C:\Users\Henry\source\repos\HenryWilder\cchess-2-2\cchess-2-2\Board.h(83,85): error C2059: syntax error: ')'
C:\Users\Henry\source\repos\HenryWilder\cchess-2-2\cchess-2-2\Board.h(83,86): error C2238: unexpected token(s) preceding ';'
C:\Users\Henry\source\repos\HenryWilder\cchess-2-2\cchess-2-2\Board.h(84,29): error C2327: 'UnitData::Board::Coord': is not a type name, static, or enumerator
C:\Users\Henry\source\repos\HenryWilder\cchess-2-2\cchess-2-2\Board.h(84,36): error C2061: syntax error: identifier 'Unit'
C:\Users\Henry\source\repos\HenryWilder\cchess-2-2\cchess-2-2\Board.h(85,21): error C2327: 'UnitData::Board::Coord': is not a type name, static, or enumerator
C:\Users\Henry\source\repos\HenryWilder\cchess-2-2\cchess-2-2\Board.h(85,30): error C2061: syntax error: identifier 'Coord'
C:\Users\Henry\source\repos\HenryWilder\cchess-2-2\cchess-2-2\Board.h(86,23): error C2327: 'UnitData::Board::Coord': is not a type name, static, or enumerator
C:\Users\Henry\source\repos\HenryWilder\cchess-2-2\cchess-2-2\Board.h(86,32): error C2061: syntax error: identifier 'Coord'
C:\Users\Henry\source\repos\HenryWilder\cchess-2-2\cchess-2-2\Board.h(87,6): error C2143: syntax error: missing ';' before '*'
C:\Users\Henry\source\repos\HenryWilder\cchess-2-2\cchess-2-2\Board.h(87,6): error C4430: missing type specifier - int assumed. Note: C++ does not support default-int
C:\Users\Henry\source\repos\HenryWilder\cchess-2-2\cchess-2-2\Board.h(87,40): error C2238: unexpected token(s) preceding ';'
C:\Users\Henry\source\repos\HenryWilder\cchess-2-2\cchess-2-2\Board.h(95,15): error C2061: syntax error: identifier 'Unit'
C:\Users\Henry\source\repos\HenryWilder\cchess-2-2\cchess-2-2\Board.h(96,18): error C2061: syntax error: identifier 'Unit'
C:\Users\Henry\source\repos\HenryWilder\cchess-2-2\cchess-2-2\Bishop.cpp(3,15): error C3254: 'UnitData': class contains explicit override 'GetPieceType' but does not derive from an interface that contains the function declaration
C:\Users\Henry\source\repos\HenryWilder\cchess-2-2\cchess-2-2\Bishop.cpp(3,15): error C2838: 'GetPieceType': illegal qualified name in member declaration
C:\Users\Henry\source\repos\HenryWilder\cchess-2-2\cchess-2-2\Bishop.cpp(8,25): error C3254: 'UnitData': class contains explicit override 'GetSpritePointer' but does not derive from an interface that contains the function declaration
C:\Users\Henry\source\repos\HenryWilder\cchess-2-2\cchess-2-2\Bishop.cpp(8,25): error C2838: 'GetSpritePointer': illegal qualified name in member declaration
C:\Users\Henry\source\repos\HenryWilder\cchess-2-2\cchess-2-2\Bishop.cpp(13,14): error C3254: 'UnitData': class contains explicit override 'AvailableMoves' but does not derive from an interface that contains the function declaration
C:\Users\Henry\source\repos\HenryWilder\cchess-2-2\cchess-2-2\Bishop.cpp(13,14): error C2838: 'AvailableMoves': illegal qualified name in member declaration
C:\Users\Henry\source\repos\HenryWilder\cchess-2-2\cchess-2-2\Bishop.cpp(31,14): error C3254: 'UnitData': class contains explicit override 'CouldITakeAt' but does not derive from an interface that contains the function declaration
C:\Users\Henry\source\repos\HenryWilder\cchess-2-2\cchess-2-2\Bishop.cpp(31,14): error C2838: 'CouldITakeAt': illegal qualified name in member declaration
C:\Users\Henry\source\repos\HenryWilder\cchess-2-2\cchess-2-2\Bishop.cpp(37,1): fatal error C1004: unexpected end-of-file found
  Board.cpp
C:\Users\Henry\source\repos\HenryWilder\cchess-2-2\cchess-2-2\Unit.h(43,40): error C2061: syntax error: identifier 'Board'
C:\Users\Henry\source\repos\HenryWilder\cchess-2-2\cchess-2-2\Unit.h(71,7): error C2143: syntax error: missing ';' before '*'
C:\Users\Henry\source\repos\HenryWilder\cchess-2-2\cchess-2-2\Unit.h(71,7): error C4430: missing type specifier - int assumed. Note: C++ does not support default-int
C:\Users\Henry\source\repos\HenryWilder\cchess-2-2\cchess-2-2\Unit.h(71,21): error C2238: unexpected token(s) preceding ';'
C:\Users\Henry\source\repos\HenryWilder\cchess-2-2\cchess-2-2\Board.cpp(798,45): error C2660: 'Unit::Init': function does not take 4 arguments
C:\Users\Henry\source\repos\HenryWilder\cchess-2-2\cchess-2-2\Unit.h(43,7): message : see declaration of 'Unit::Init'
C:\Users\Henry\source\repos\HenryWilder\cchess-2-2\cchess-2-2\Board.cpp(847,29): error C2039: 'SetStateSpace': is not a member of 'BoardStateMemory'
C:\Users\Henry\source\repos\HenryWilder\cchess-2-2\cchess-2-2\Board.h(21): message : see declaration of 'BoardStateMemory'
C:\Users\Henry\source\repos\HenryWilder\cchess-2-2\cchess-2-2\Board.cpp(903,42): error C2679: binary '=': no operator found which takes a right-hand operand of type 'char' (or there is no acceptable conversion)
C:\Users\Henry\source\repos\HenryWilder\cchess-2-2\cchess-2-2\Board.h(19,1): message : could be 'UnitData &UnitData::operator =(UnitData &&)'
C:\Users\Henry\source\repos\HenryWilder\cchess-2-2\cchess-2-2\Board.h(19,1): message : or       'UnitData &UnitData::operator =(const UnitData &)'
C:\Users\Henry\source\repos\HenryWilder\cchess-2-2\cchess-2-2\Board.cpp(903,42): message : while trying to match the argument list '(UnitData, char)'
C:\Users\Henry\source\repos\HenryWilder\cchess-2-2\cchess-2-2\Board.cpp(904,65): error C2678: binary '|=': no operator found which takes a left-hand operand of type 'UnitData' (or there is no acceptable conversion)
C:\Program Files (x86)\Windows Kits\10\Include\10.0.19041.0\um\winuser.h(15858,1): message : could be 'ORIENTATION_PREFERENCE &operator |=(ORIENTATION_PREFERENCE &,ORIENTATION_PREFERENCE) noexcept'
C:\Program Files (x86)\Windows Kits\10\Include\10.0.19041.0\um\winuser.h(15835,1): message : or       'AR_STATE &operator |=(AR_STATE &,AR_STATE) noexcept'
C:\Program Files (x86)\Windows Kits\10\Include\10.0.19041.0\um\winuser.h(5336,1): message : or       'DIALOG_DPI_CHANGE_BEHAVIORS &operator |=(DIALOG_DPI_CHANGE_BEHAVIORS &,DIALOG_DPI_CHANGE_BEHAVIORS) noexcept'
C:\Program Files (x86)\Windows Kits\10\Include\10.0.19041.0\um\winuser.h(5313,1): message : or       'DIALOG_CONTROL_DPI_CHANGE_BEHAVIORS &operator |=(DIALOG_CONTROL_DPI_CHANGE_BEHAVIORS &,DIALOG_CONTROL_DPI_CHANGE_BEHAVIORS) noexcept'
C:\Program Files (x86)\Windows Kits\10\Include\10.0.19041.0\um\winnt.h(12201,1): message : or       'JOB_OBJECT_IO_RATE_CONTROL_FLAGS &operator |=(JOB_OBJECT_IO_RATE_CONTROL_FLAGS &,JOB_OBJECT_IO_RATE_CONTROL_FLAGS) noexcept'
C:\Program Files (x86)\Windows Kits\10\Include\10.0.19041.0\um\winnt.h(12165,1): message : or       'JOB_OBJECT_NET_RATE_CONTROL_FLAGS &operator |=(JOB_OBJECT_NET_RATE_CONTROL_FLAGS &,JOB_OBJECT_NET_RATE_CONTROL_FLAGS) noexcept'
C:\Users\Henry\source\repos\HenryWilder\cchess-2-2\cchess-2-2\Board.cpp(904,65): message : while trying to match the argument list '(UnitData, int)'
  Input.cpp
  King.cpp
C:\Users\Henry\source\repos\HenryWilder\cchess-2-2\cchess-2-2\Board.h(17,12): error C3646: 'color': unknown override specifier
C:\Users\Henry\source\repos\HenryWilder\cchess-2-2\cchess-2-2\Board.h(17,18): error C2059: syntax error: ':'
C:\Users\Henry\source\repos\HenryWilder\cchess-2-2\cchess-2-2\Board.h(17,18): error C2334: unexpected token(s) preceding ':'; skipping apparent function body
C:\Users\Henry\source\repos\HenryWilder\cchess-2-2\cchess-2-2\Board.h(24,11): error C2079: 'UnitData::BoardStateMemory::m_stateData' uses undefined struct 'UnitData'
C:\Users\Henry\source\repos\HenryWilder\cchess-2-2\cchess-2-2\Board.h(33,23): error C2061: syntax error: identifier 'Unit'
C:\Users\Henry\source\repos\HenryWilder\cchess-2-2\cchess-2-2\Board.h(42,14): error C2065: 'Unit': undeclared identifier
C:\Users\Henry\source\repos\HenryWilder\cchess-2-2\cchess-2-2\Board.h(42,19): error C2059: syntax error: '>'
C:\Users\Henry\source\repos\HenryWilder\cchess-2-2\cchess-2-2\Board.h(43,14): error C2065: 'Unit': undeclared identifier
C:\Users\Henry\source\repos\HenryWilder\cchess-2-2\cchess-2-2\Board.h(43,19): error C2059: syntax error: '>'
C:\Users\Henry\source\repos\HenryWilder\cchess-2-2\cchess-2-2\Board.h(47,20): error C2065: 'Unit': undeclared identifier
C:\Users\Henry\source\repos\HenryWilder\cchess-2-2\cchess-2-2\Board.h(47,25): error C2059: syntax error: '>'
C:\Users\Henry\source\repos\HenryWilder\cchess-2-2\cchess-2-2\Board.h(47,25): error C4430: missing type specifier - int assumed. Note: C++ does not support default-int
C:\Users\Henry\source\repos\HenryWilder\cchess-2-2\cchess-2-2\Board.h(47): error C2062: type 'unknown-type' unexpected
C:\Users\Henry\source\repos\HenryWilder\cchess-2-2\cchess-2-2\Board.h(47,64): error C2238: unexpected token(s) preceding ';'
C:\Users\Henry\source\repos\HenryWilder\cchess-2-2\cchess-2-2\Board.h(48,14): error C2065: 'Unit': undeclared identifier
C:\Users\Henry\source\repos\HenryWilder\cchess-2-2\cchess-2-2\Board.h(48,19): error C2059: syntax error: '>'
C:\Users\Henry\source\repos\HenryWilder\cchess-2-2\cchess-2-2\Board.h(48,35): error C2061: syntax error: identifier 'UnitColor'
C:\Users\Henry\source\repos\HenryWilder\cchess-2-2\cchess-2-2\Board.h(50,27): error C2061: syntax error: identifier 'UnitColor'
C:\Users\Henry\source\repos\HenryWilder\cchess-2-2\cchess-2-2\Board.h(51,35): error C2061: syntax error: identifier 'Piece'
C:\Users\Henry\source\repos\HenryWilder\cchess-2-2\cchess-2-2\Board.h(53,12): error C3646: 'CurrentTeam': unknown override specifier
C:\Users\Henry\source\repos\HenryWilder\cchess-2-2\cchess-2-2\Board.h(53,23): error C2059: syntax error: '('
C:\Users\Henry\source\repos\HenryWilder\cchess-2-2\cchess-2-2\Board.h(53,25): error C2238: unexpected token(s) preceding ';'
C:\Users\Henry\source\repos\HenryWilder\cchess-2-2\cchess-2-2\Board.h(54,12): error C3646: 'OpponentTeam': unknown override specifier
C:\Users\Henry\source\repos\HenryWilder\cchess-2-2\cchess-2-2\Board.h(54,24): error C2059: syntax error: '('
C:\Users\Henry\source\repos\HenryWilder\cchess-2-2\cchess-2-2\Board.h(54,26): error C2238: unexpected token(s) preceding ';'
C:\Users\Henry\source\repos\HenryWilder\cchess-2-2\cchess-2-2\Board.h(57,6): error C2143: syntax error: missing ';' before '*'
C:\Users\Henry\source\repos\HenryWilder\cchess-2-2\cchess-2-2\Board.h(57,6): error C4430: missing type specifier - int assumed. Note: C++ does not support default-int
C:\Users\Henry\source\repos\HenryWilder\cchess-2-2\cchess-2-2\Board.h(57,51): error C2238: unexpected token(s) preceding ';'
C:\Users\Henry\source\repos\HenryWilder\cchess-2-2\cchess-2-2\Board.h(58,6): error C2143: syntax error: missing ';' before '*'
C:\Users\Henry\source\repos\HenryWilder\cchess-2-2\cchess-2-2\Board.h(58,6): error C4430: missing type specifier - int assumed. Note: C++ does not support default-int
C:\Users\Henry\source\repos\HenryWilder\cchess-2-2\cchess-2-2\Board.h(58,31): error C2238: unexpected token(s) preceding ';'
C:\Users\Henry\source\repos\HenryWilder\cchess-2-2\cchess-2-2\Board.h(59,30): error C2061: syntax error: identifier 'UnitColor'
C:\Users\Henry\source\repos\HenryWilder\cchess-2-2\cchess-2-2\Board.h(76,54): error C4430: missing type specifier - int assumed. Note: C++ does not support default-int
C:\Users\Henry\source\repos\HenryWilder\cchess-2-2\cchess-2-2\Board.h(76,54): error C2143: syntax error: missing ',' before '*'
C:\Users\Henry\source\repos\HenryWilder\cchess-2-2\cchess-2-2\Board.h(78,17): error C2061: syntax error: identifier 'Unit'
C:\Users\Henry\source\repos\HenryWilder\cchess-2-2\cchess-2-2\Board.h(80,25): error C2061: syntax error: identifier 'PieceMoves'
C:\Users\Henry\source\repos\HenryWilder\cchess-2-2\cchess-2-2\Board.h(81,27): error C2061: syntax error: identifier 'PieceMoves'
C:\Users\Henry\source\repos\HenryWilder\cchess-2-2\cchess-2-2\Board.h(83,35): error C4430: missing type specifier - int assumed. Note: C++ does not support default-int
C:\Users\Henry\source\repos\HenryWilder\cchess-2-2\cchess-2-2\Board.h(83,35): error C2146: syntax error: missing ')' before identifier 'team'
C:\Users\Henry\source\repos\HenryWilder\cchess-2-2\cchess-2-2\Board.h(83,35): error C3646: 'team': unknown override specifier
C:\Users\Henry\source\repos\HenryWilder\cchess-2-2\cchess-2-2\Board.h(83,46): error C2143: syntax error: missing ';' before '&'
C:\Users\Henry\source\repos\HenryWilder\cchess-2-2\cchess-2-2\Board.h(83,85): error C2059: syntax error: ')'
C:\Users\Henry\source\repos\HenryWilder\cchess-2-2\cchess-2-2\Board.h(83,86): error C2238: unexpected token(s) preceding ';'
C:\Users\Henry\source\repos\HenryWilder\cchess-2-2\cchess-2-2\Board.h(84,29): error C2327: 'UnitData::Board::Coord': is not a type name, static, or enumerator
C:\Users\Henry\source\repos\HenryWilder\cchess-2-2\cchess-2-2\Board.h(84,36): error C2061: syntax error: identifier 'Unit'
C:\Users\Henry\source\repos\HenryWilder\cchess-2-2\cchess-2-2\Board.h(85,21): error C2327: 'UnitData::Board::Coord': is not a type name, static, or enumerator
C:\Users\Henry\source\repos\HenryWilder\cchess-2-2\cchess-2-2\Board.h(85,30): error C2061: syntax error: identifier 'Coord'
C:\Users\Henry\source\repos\HenryWilder\cchess-2-2\cchess-2-2\Board.h(86,23): error C2327: 'UnitData::Board::Coord': is not a type name, static, or enumerator
C:\Users\Henry\source\repos\HenryWilder\cchess-2-2\cchess-2-2\Board.h(86,32): error C2061: syntax error: identifier 'Coord'
C:\Users\Henry\source\repos\HenryWilder\cchess-2-2\cchess-2-2\Board.h(87,6): error C2143: syntax error: missing ';' before '*'
C:\Users\Henry\source\repos\HenryWilder\cchess-2-2\cchess-2-2\Board.h(87,6): error C4430: missing type specifier - int assumed. Note: C++ does not support default-int
C:\Users\Henry\source\repos\HenryWilder\cchess-2-2\cchess-2-2\Board.h(87,40): error C2238: unexpected token(s) preceding ';'
C:\Users\Henry\source\repos\HenryWilder\cchess-2-2\cchess-2-2\Board.h(95,15): error C2061: syntax error: identifier 'Unit'
C:\Users\Henry\source\repos\HenryWilder\cchess-2-2\cchess-2-2\Board.h(96,18): error C2061: syntax error: identifier 'Unit'
C:\Users\Henry\source\repos\HenryWilder\cchess-2-2\cchess-2-2\King.cpp(3,13): error C3254: 'UnitData': class contains explicit override 'GetPieceType' but does not derive from an interface that contains the function declaration
C:\Users\Henry\source\repos\HenryWilder\cchess-2-2\cchess-2-2\King.cpp(3,13): error C2838: 'GetPieceType': illegal qualified name in member declaration
C:\Users\Henry\source\repos\HenryWilder\cchess-2-2\cchess-2-2\King.cpp(8,12): error C3254: 'UnitData': class contains explicit override 'Move' but does not derive from an interface that contains the function declaration
C:\Users\Henry\source\repos\HenryWilder\cchess-2-2\cchess-2-2\King.cpp(8,12): error C2838: 'Move': illegal qualified name in member declaration
C:\Users\Henry\source\repos\HenryWilder\cchess-2-2\cchess-2-2\King.cpp(14,23): error C3254: 'UnitData': class contains explicit override 'GetSpritePointer' but does not derive from an interface that contains the function declaration
C:\Users\Henry\source\repos\HenryWilder\cchess-2-2\cchess-2-2\King.cpp(14,23): error C2838: 'GetSpritePointer': illegal qualified name in member declaration
C:\Users\Henry\source\repos\HenryWilder\cchess-2-2\cchess-2-2\King.cpp(19,13): error C3254: 'UnitData': class contains explicit override 'TestMoveSafety' but does not derive from an interface that contains the function declaration
C:\Users\Henry\source\repos\HenryWilder\cchess-2-2\cchess-2-2\King.cpp(19,13): error C2838: 'TestMoveSafety': illegal qualified name in member declaration
C:\Users\Henry\source\repos\HenryWilder\cchess-2-2\cchess-2-2\King.cpp(27,12): error C3254: 'UnitData': class contains explicit override 'TestMoveSafetyValidate' but does not derive from an interface that contains the function declaration
C:\Users\Henry\source\repos\HenryWilder\cchess-2-2\cchess-2-2\King.cpp(27,12): error C2838: 'TestMoveSafetyValidate': illegal qualified name in member declaration
C:\Users\Henry\source\repos\HenryWilder\cchess-2-2\cchess-2-2\King.cpp(33,13): error C3254: 'UnitData': class contains explicit override 'LineTraceSafety' but does not derive from an interface that contains the function declaration
C:\Users\Henry\source\repos\HenryWilder\cchess-2-2\cchess-2-2\King.cpp(33,13): error C2838: 'LineTraceSafety': illegal qualified name in member declaration
C:\Users\Henry\source\repos\HenryWilder\cchess-2-2\cchess-2-2\King.cpp(51,12): error C3254: 'UnitData': class contains explicit override 'CanIBeTaken' but does not derive from an interface that contains the function declaration
C:\Users\Henry\source\repos\HenryWilder\cchess-2-2\cchess-2-2\King.cpp(51,12): error C2838: 'CanIBeTaken': illegal qualified name in member declaration
C:\Users\Henry\source\repos\HenryWilder\cchess-2-2\cchess-2-2\King.cpp(60,12): error C3254: 'UnitData': class contains explicit override 'CheckSafetyDirectional' but does not derive from an interface that contains the function declaration
C:\Users\Henry\source\repos\HenryWilder\cchess-2-2\cchess-2-2\King.cpp(60,12): error C2838: 'CheckSafetyDirectional': illegal qualified name in member declaration
C:\Users\Henry\source\repos\HenryWilder\cchess-2-2\cchess-2-2\King.cpp(68,12): error C3254: 'UnitData': class contains explicit override 'CheckSafeAgainstKnight' but does not derive from an interface that contains the function declaration
C:\Users\Henry\source\repos\HenryWilder\cchess-2-2\cchess-2-2\King.cpp(68,12): error C2838: 'CheckSafeAgainstKnight': illegal qualified name in member declaration
C:\Users\Henry\source\repos\HenryWilder\cchess-2-2\cchess-2-2\King.cpp(90,12): error C3254: 'UnitData': class contains explicit override 'SpaceIsSafeFromCheck' but does not derive from an interface that contains the function declaration
C:\Users\Henry\source\repos\HenryWilder\cchess-2-2\cchess-2-2\King.cpp(90,12): error C2838: 'SpaceIsSafeFromCheck': illegal qualified name in member declaration
C:\Users\Henry\source\repos\HenryWilder\cchess-2-2\cchess-2-2\King.cpp(100,12): error C3254: 'UnitData': class contains explicit override 'AvailableMoves' but does not derive from an interface that contains the function declaration
C:\Users\Henry\source\repos\HenryWilder\cchess-2-2\cchess-2-2\King.cpp(100,12): error C2838: 'AvailableMoves': illegal qualified name in member declaration
C:\Users\Henry\source\repos\HenryWilder\cchess-2-2\cchess-2-2\King.cpp(126,12): error C3254: 'UnitData': class contains explicit override 'UnAvailableMoves' but does not derive from an interface that contains the function declaration
C:\Users\Henry\source\repos\HenryWilder\cchess-2-2\cchess-2-2\King.cpp(126,12): error C2838: 'UnAvailableMoves': illegal qualified name in member declaration
C:\Users\Henry\source\repos\HenryWilder\cchess-2-2\cchess-2-2\King.cpp(147,12): error C3254: 'UnitData': class contains explicit override 'CouldITakeAt' but does not derive from an interface that contains the function declaration
C:\Users\Henry\source\repos\HenryWilder\cchess-2-2\cchess-2-2\King.cpp(147,12): error C2838: 'CouldITakeAt': illegal qualified name in member declaration
C:\Users\Henry\source\repos\HenryWilder\cchess-2-2\cchess-2-2\King.cpp(151,1): fatal error C1004: unexpected end-of-file found
  Main.cpp
C:\Users\Henry\source\repos\HenryWilder\cchess-2-2\cchess-2-2\Unit.h(43,40): error C2061: syntax error: identifier 'Board'
C:\Users\Henry\source\repos\HenryWilder\cchess-2-2\cchess-2-2\Unit.h(71,7): error C2143: syntax error: missing ';' before '*'
C:\Users\Henry\source\repos\HenryWilder\cchess-2-2\cchess-2-2\Unit.h(71,7): error C4430: missing type specifier - int assumed. Note: C++ does not support default-int
C:\Users\Henry\source\repos\HenryWilder\cchess-2-2\cchess-2-2\Unit.h(71,21): error C2238: unexpected token(s) preceding ';'
  Knight.cpp
C:\Users\Henry\source\repos\HenryWilder\cchess-2-2\cchess-2-2\Board.h(17,12): error C3646: 'color': unknown override specifier
C:\Users\Henry\source\repos\HenryWilder\cchess-2-2\cchess-2-2\Board.h(17,18): error C2059: syntax error: ':'
C:\Users\Henry\source\repos\HenryWilder\cchess-2-2\cchess-2-2\Board.h(17,18): error C2334: unexpected token(s) preceding ':'; skipping apparent function body
C:\Users\Henry\source\repos\HenryWilder\cchess-2-2\cchess-2-2\Board.h(24,11): error C2079: 'UnitData::BoardStateMemory::m_stateData' uses undefined struct 'UnitData'
C:\Users\Henry\source\repos\HenryWilder\cchess-2-2\cchess-2-2\Board.h(33,23): error C2061: syntax error: identifier 'Unit'
C:\Users\Henry\source\repos\HenryWilder\cchess-2-2\cchess-2-2\Board.h(42,14): error C2065: 'Unit': undeclared identifier
C:\Users\Henry\source\repos\HenryWilder\cchess-2-2\cchess-2-2\Board.h(42,19): error C2059: syntax error: '>'
C:\Users\Henry\source\repos\HenryWilder\cchess-2-2\cchess-2-2\Board.h(43,14): error C2065: 'Unit': undeclared identifier
C:\Users\Henry\source\repos\HenryWilder\cchess-2-2\cchess-2-2\Board.h(43,19): error C2059: syntax error: '>'
C:\Users\Henry\source\repos\HenryWilder\cchess-2-2\cchess-2-2\Board.h(47,20): error C2065: 'Unit': undeclared identifier
C:\Users\Henry\source\repos\HenryWilder\cchess-2-2\cchess-2-2\Board.h(47,25): error C2059: syntax error: '>'
C:\Users\Henry\source\repos\HenryWilder\cchess-2-2\cchess-2-2\Board.h(47,25): error C4430: missing type specifier - int assumed. Note: C++ does not support default-int
C:\Users\Henry\source\repos\HenryWilder\cchess-2-2\cchess-2-2\Board.h(47): error C2062: type 'unknown-type' unexpected
C:\Users\Henry\source\repos\HenryWilder\cchess-2-2\cchess-2-2\Board.h(47,64): error C2238: unexpected token(s) preceding ';'
C:\Users\Henry\source\repos\HenryWilder\cchess-2-2\cchess-2-2\Board.h(48,14): error C2065: 'Unit': undeclared identifier
C:\Users\Henry\source\repos\HenryWilder\cchess-2-2\cchess-2-2\Board.h(48,19): error C2059: syntax error: '>'
C:\Users\Henry\source\repos\HenryWilder\cchess-2-2\cchess-2-2\Board.h(48,35): error C2061: syntax error: identifier 'UnitColor'
C:\Users\Henry\source\repos\HenryWilder\cchess-2-2\cchess-2-2\Board.h(50,27): error C2061: syntax error: identifier 'UnitColor'
C:\Users\Henry\source\repos\HenryWilder\cchess-2-2\cchess-2-2\Board.h(51,35): error C2061: syntax error: identifier 'Piece'
C:\Users\Henry\source\repos\HenryWilder\cchess-2-2\cchess-2-2\Board.h(53,12): error C3646: 'CurrentTeam': unknown override specifier
C:\Users\Henry\source\repos\HenryWilder\cchess-2-2\cchess-2-2\Board.h(53,23): error C2059: syntax error: '('
C:\Users\Henry\source\repos\HenryWilder\cchess-2-2\cchess-2-2\Board.h(53,25): error C2238: unexpected token(s) preceding ';'
C:\Users\Henry\source\repos\HenryWilder\cchess-2-2\cchess-2-2\Board.h(54,12): error C3646: 'OpponentTeam': unknown override specifier
C:\Users\Henry\source\repos\HenryWilder\cchess-2-2\cchess-2-2\Board.h(54,24): error C2059: syntax error: '('
C:\Users\Henry\source\repos\HenryWilder\cchess-2-2\cchess-2-2\Board.h(54,26): error C2238: unexpected token(s) preceding ';'
C:\Users\Henry\source\repos\HenryWilder\cchess-2-2\cchess-2-2\Board.h(57,6): error C2143: syntax error: missing ';' before '*'
C:\Users\Henry\source\repos\HenryWilder\cchess-2-2\cchess-2-2\Board.h(57,6): error C4430: missing type specifier - int assumed. Note: C++ does not support default-int
C:\Users\Henry\source\repos\HenryWilder\cchess-2-2\cchess-2-2\Board.h(57,51): error C2238: unexpected token(s) preceding ';'
C:\Users\Henry\source\repos\HenryWilder\cchess-2-2\cchess-2-2\Board.h(58,6): error C2143: syntax error: missing ';' before '*'
C:\Users\Henry\source\repos\HenryWilder\cchess-2-2\cchess-2-2\Board.h(58,6): error C4430: missing type specifier - int assumed. Note: C++ does not support default-int
C:\Users\Henry\source\repos\HenryWilder\cchess-2-2\cchess-2-2\Board.h(58,31): error C2238: unexpected token(s) preceding ';'
C:\Users\Henry\source\repos\HenryWilder\cchess-2-2\cchess-2-2\Board.h(59,30): error C2061: syntax error: identifier 'UnitColor'
C:\Users\Henry\source\repos\HenryWilder\cchess-2-2\cchess-2-2\Board.h(76,54): error C4430: missing type specifier - int assumed. Note: C++ does not support default-int
C:\Users\Henry\source\repos\HenryWilder\cchess-2-2\cchess-2-2\Board.h(76,54): error C2143: syntax error: missing ',' before '*'
C:\Users\Henry\source\repos\HenryWilder\cchess-2-2\cchess-2-2\Board.h(78,17): error C2061: syntax error: identifier 'Unit'
C:\Users\Henry\source\repos\HenryWilder\cchess-2-2\cchess-2-2\Board.h(80,25): error C2061: syntax error: identifier 'PieceMoves'
C:\Users\Henry\source\repos\HenryWilder\cchess-2-2\cchess-2-2\Board.h(81,27): error C2061: syntax error: identifier 'PieceMoves'
C:\Users\Henry\source\repos\HenryWilder\cchess-2-2\cchess-2-2\Board.h(83,35): error C4430: missing type specifier - int assumed. Note: C++ does not support default-int
C:\Users\Henry\source\repos\HenryWilder\cchess-2-2\cchess-2-2\Board.h(83,35): error C2146: syntax error: missing ')' before identifier 'team'
C:\Users\Henry\source\repos\HenryWilder\cchess-2-2\cchess-2-2\Board.h(83,35): error C3646: 'team': unknown override specifier
C:\Users\Henry\source\repos\HenryWilder\cchess-2-2\cchess-2-2\Board.h(83,46): error C2143: syntax error: missing ';' before '&'
C:\Users\Henry\source\repos\HenryWilder\cchess-2-2\cchess-2-2\Board.h(83,85): error C2059: syntax error: ')'
C:\Users\Henry\source\repos\HenryWilder\cchess-2-2\cchess-2-2\Board.h(83,86): error C2238: unexpected token(s) preceding ';'
C:\Users\Henry\source\repos\HenryWilder\cchess-2-2\cchess-2-2\Board.h(84,29): error C2327: 'UnitData::Board::Coord': is not a type name, static, or enumerator
C:\Users\Henry\source\repos\HenryWilder\cchess-2-2\cchess-2-2\Board.h(84,36): error C2061: syntax error: identifier 'Unit'
C:\Users\Henry\source\repos\HenryWilder\cchess-2-2\cchess-2-2\Board.h(85,21): error C2327: 'UnitData::Board::Coord': is not a type name, static, or enumerator
C:\Users\Henry\source\repos\HenryWilder\cchess-2-2\cchess-2-2\Board.h(85,30): error C2061: syntax error: identifier 'Coord'
C:\Users\Henry\source\repos\HenryWilder\cchess-2-2\cchess-2-2\Board.h(86,23): error C2327: 'UnitData::Board::Coord': is not a type name, static, or enumerator
C:\Users\Henry\source\repos\HenryWilder\cchess-2-2\cchess-2-2\Board.h(86,32): error C2061: syntax error: identifier 'Coord'
C:\Users\Henry\source\repos\HenryWilder\cchess-2-2\cchess-2-2\Board.h(87,6): error C2143: syntax error: missing ';' before '*'
C:\Users\Henry\source\repos\HenryWilder\cchess-2-2\cchess-2-2\Board.h(87,6): error C4430: missing type specifier - int assumed. Note: C++ does not support default-int
C:\Users\Henry\source\repos\HenryWilder\cchess-2-2\cchess-2-2\Board.h(87,40): error C2238: unexpected token(s) preceding ';'
C:\Users\Henry\source\repos\HenryWilder\cchess-2-2\cchess-2-2\Board.h(95,15): error C2061: syntax error: identifier 'Unit'
C:\Users\Henry\source\repos\HenryWilder\cchess-2-2\cchess-2-2\Board.h(96,18): error C2061: syntax error: identifier 'Unit'
C:\Users\Henry\source\repos\HenryWilder\cchess-2-2\cchess-2-2\Knight.cpp(3,15): error C3254: 'UnitData': class contains explicit override 'GetPieceType' but does not derive from an interface that contains the function declaration
C:\Users\Henry\source\repos\HenryWilder\cchess-2-2\cchess-2-2\Knight.cpp(3,15): error C2838: 'GetPieceType': illegal qualified name in member declaration
C:\Users\Henry\source\repos\HenryWilder\cchess-2-2\cchess-2-2\Knight.cpp(8,25): error C3254: 'UnitData': class contains explicit override 'GetSpritePointer' but does not derive from an interface that contains the function declaration
C:\Users\Henry\source\repos\HenryWilder\cchess-2-2\cchess-2-2\Knight.cpp(8,25): error C2838: 'GetSpritePointer': illegal qualified name in member declaration
C:\Users\Henry\source\repos\HenryWilder\cchess-2-2\cchess-2-2\Knight.cpp(13,14): error C3254: 'UnitData': class contains explicit override 'AvailableMoves' but does not derive from an interface that contains the function declaration
C:\Users\Henry\source\repos\HenryWilder\cchess-2-2\cchess-2-2\Knight.cpp(13,14): error C2838: 'AvailableMoves': illegal qualified name in member declaration
C:\Users\Henry\source\repos\HenryWilder\cchess-2-2\cchess-2-2\Knight.cpp(34,14): error C3254: 'UnitData': class contains explicit override 'CouldITakeAt' but does not derive from an interface that contains the function declaration
C:\Users\Henry\source\repos\HenryWilder\cchess-2-2\cchess-2-2\Knight.cpp(34,14): error C2838: 'CouldITakeAt': illegal qualified name in member declaration
C:\Users\Henry\source\repos\HenryWilder\cchess-2-2\cchess-2-2\Knight.cpp(44,1): fatal error C1004: unexpected end-of-file found
  Pawn.cpp
C:\Users\Henry\source\repos\HenryWilder\cchess-2-2\cchess-2-2\Board.h(17,12): error C3646: 'color': unknown override specifier
C:\Users\Henry\source\repos\HenryWilder\cchess-2-2\cchess-2-2\Board.h(17,18): error C2059: syntax error: ':'
C:\Users\Henry\source\repos\HenryWilder\cchess-2-2\cchess-2-2\Board.h(17,18): error C2334: unexpected token(s) preceding ':'; skipping apparent function body
C:\Users\Henry\source\repos\HenryWilder\cchess-2-2\cchess-2-2\Board.h(24,11): error C2079: 'UnitData::BoardStateMemory::m_stateData' uses undefined struct 'UnitData'
C:\Users\Henry\source\repos\HenryWilder\cchess-2-2\cchess-2-2\Board.h(33,23): error C2061: syntax error: identifier 'Unit'
C:\Users\Henry\source\repos\HenryWilder\cchess-2-2\cchess-2-2\Board.h(42,14): error C2065: 'Unit': undeclared identifier
C:\Users\Henry\source\repos\HenryWilder\cchess-2-2\cchess-2-2\Board.h(42,19): error C2059: syntax error: '>'
C:\Users\Henry\source\repos\HenryWilder\cchess-2-2\cchess-2-2\Board.h(43,14): error C2065: 'Unit': undeclared identifier
C:\Users\Henry\source\repos\HenryWilder\cchess-2-2\cchess-2-2\Board.h(43,19): error C2059: syntax error: '>'
C:\Users\Henry\source\repos\HenryWilder\cchess-2-2\cchess-2-2\Board.h(47,20): error C2065: 'Unit': undeclared identifier
C:\Users\Henry\source\repos\HenryWilder\cchess-2-2\cchess-2-2\Board.h(47,25): error C2059: syntax error: '>'
C:\Users\Henry\source\repos\HenryWilder\cchess-2-2\cchess-2-2\Board.h(47,25): error C4430: missing type specifier - int assumed. Note: C++ does not support default-int
C:\Users\Henry\source\repos\HenryWilder\cchess-2-2\cchess-2-2\Board.h(47): error C2062: type 'unknown-type' unexpected
C:\Users\Henry\source\repos\HenryWilder\cchess-2-2\cchess-2-2\Board.h(47,64): error C2238: unexpected token(s) preceding ';'
C:\Users\Henry\source\repos\HenryWilder\cchess-2-2\cchess-2-2\Board.h(48,14): error C2065: 'Unit': undeclared identifier
C:\Users\Henry\source\repos\HenryWilder\cchess-2-2\cchess-2-2\Board.h(48,19): error C2059: syntax error: '>'
C:\Users\Henry\source\repos\HenryWilder\cchess-2-2\cchess-2-2\Board.h(48,35): error C2061: syntax error: identifier 'UnitColor'
C:\Users\Henry\source\repos\HenryWilder\cchess-2-2\cchess-2-2\Board.h(50,27): error C2061: syntax error: identifier 'UnitColor'
C:\Users\Henry\source\repos\HenryWilder\cchess-2-2\cchess-2-2\Board.h(51,35): error C2061: syntax error: identifier 'Piece'
C:\Users\Henry\source\repos\HenryWilder\cchess-2-2\cchess-2-2\Board.h(53,12): error C3646: 'CurrentTeam': unknown override specifier
C:\Users\Henry\source\repos\HenryWilder\cchess-2-2\cchess-2-2\Board.h(53,23): error C2059: syntax error: '('
C:\Users\Henry\source\repos\HenryWilder\cchess-2-2\cchess-2-2\Board.h(53,25): error C2238: unexpected token(s) preceding ';'
C:\Users\Henry\source\repos\HenryWilder\cchess-2-2\cchess-2-2\Board.h(54,12): error C3646: 'OpponentTeam': unknown override specifier
C:\Users\Henry\source\repos\HenryWilder\cchess-2-2\cchess-2-2\Board.h(54,24): error C2059: syntax error: '('
C:\Users\Henry\source\repos\HenryWilder\cchess-2-2\cchess-2-2\Board.h(54,26): error C2238: unexpected token(s) preceding ';'
C:\Users\Henry\source\repos\HenryWilder\cchess-2-2\cchess-2-2\Board.h(57,6): error C2143: syntax error: missing ';' before '*'
C:\Users\Henry\source\repos\HenryWilder\cchess-2-2\cchess-2-2\Board.h(57,6): error C4430: missing type specifier - int assumed. Note: C++ does not support default-int
C:\Users\Henry\source\repos\HenryWilder\cchess-2-2\cchess-2-2\Board.h(57,51): error C2238: unexpected token(s) preceding ';'
C:\Users\Henry\source\repos\HenryWilder\cchess-2-2\cchess-2-2\Board.h(58,6): error C2143: syntax error: missing ';' before '*'
C:\Users\Henry\source\repos\HenryWilder\cchess-2-2\cchess-2-2\Board.h(58,6): error C4430: missing type specifier - int assumed. Note: C++ does not support default-int
C:\Users\Henry\source\repos\HenryWilder\cchess-2-2\cchess-2-2\Board.h(58,31): error C2238: unexpected token(s) preceding ';'
C:\Users\Henry\source\repos\HenryWilder\cchess-2-2\cchess-2-2\Board.h(59,30): error C2061: syntax error: identifier 'UnitColor'
C:\Users\Henry\source\repos\HenryWilder\cchess-2-2\cchess-2-2\Board.h(76,54): error C4430: missing type specifier - int assumed. Note: C++ does not support default-int
C:\Users\Henry\source\repos\HenryWilder\cchess-2-2\cchess-2-2\Board.h(76,54): error C2143: syntax error: missing ',' before '*'
C:\Users\Henry\source\repos\HenryWilder\cchess-2-2\cchess-2-2\Board.h(78,17): error C2061: syntax error: identifier 'Unit'
C:\Users\Henry\source\repos\HenryWilder\cchess-2-2\cchess-2-2\Board.h(80,25): error C2061: syntax error: identifier 'PieceMoves'
C:\Users\Henry\source\repos\HenryWilder\cchess-2-2\cchess-2-2\Board.h(81,27): error C2061: syntax error: identifier 'PieceMoves'
C:\Users\Henry\source\repos\HenryWilder\cchess-2-2\cchess-2-2\Board.h(83,35): error C4430: missing type specifier - int assumed. Note: C++ does not support default-int
C:\Users\Henry\source\repos\HenryWilder\cchess-2-2\cchess-2-2\Board.h(83,35): error C2146: syntax error: missing ')' before identifier 'team'
C:\Users\Henry\source\repos\HenryWilder\cchess-2-2\cchess-2-2\Board.h(83,35): error C3646: 'team': unknown override specifier
C:\Users\Henry\source\repos\HenryWilder\cchess-2-2\cchess-2-2\Board.h(83,46): error C2143: syntax error: missing ';' before '&'
C:\Users\Henry\source\repos\HenryWilder\cchess-2-2\cchess-2-2\Board.h(83,85): error C2059: syntax error: ')'
C:\Users\Henry\source\repos\HenryWilder\cchess-2-2\cchess-2-2\Board.h(83,86): error C2238: unexpected token(s) preceding ';'
C:\Users\Henry\source\repos\HenryWilder\cchess-2-2\cchess-2-2\Board.h(84,29): error C2327: 'UnitData::Board::Coord': is not a type name, static, or enumerator
C:\Users\Henry\source\repos\HenryWilder\cchess-2-2\cchess-2-2\Board.h(84,36): error C2061: syntax error: identifier 'Unit'
C:\Users\Henry\source\repos\HenryWilder\cchess-2-2\cchess-2-2\Board.h(85,21): error C2327: 'UnitData::Board::Coord': is not a type name, static, or enumerator
C:\Users\Henry\source\repos\HenryWilder\cchess-2-2\cchess-2-2\Board.h(85,30): error C2061: syntax error: identifier 'Coord'
C:\Users\Henry\source\repos\HenryWilder\cchess-2-2\cchess-2-2\Board.h(86,23): error C2327: 'UnitData::Board::Coord': is not a type name, static, or enumerator
C:\Users\Henry\source\repos\HenryWilder\cchess-2-2\cchess-2-2\Board.h(86,32): error C2061: syntax error: identifier 'Coord'
C:\Users\Henry\source\repos\HenryWilder\cchess-2-2\cchess-2-2\Board.h(87,6): error C2143: syntax error: missing ';' before '*'
C:\Users\Henry\source\repos\HenryWilder\cchess-2-2\cchess-2-2\Board.h(87,6): error C4430: missing type specifier - int assumed. Note: C++ does not support default-int
C:\Users\Henry\source\repos\HenryWilder\cchess-2-2\cchess-2-2\Board.h(87,40): error C2238: unexpected token(s) preceding ';'
C:\Users\Henry\source\repos\HenryWilder\cchess-2-2\cchess-2-2\Board.h(95,15): error C2061: syntax error: identifier 'Unit'
C:\Users\Henry\source\repos\HenryWilder\cchess-2-2\cchess-2-2\Board.h(96,18): error C2061: syntax error: identifier 'Unit'
C:\Users\Henry\source\repos\HenryWilder\cchess-2-2\cchess-2-2\Pawn.cpp(3,18): error C3254: 'UnitData': class contains explicit override 'GetForward' but does not derive from an interface that contains the function declaration
C:\Users\Henry\source\repos\HenryWilder\cchess-2-2\cchess-2-2\Pawn.cpp(3,18): error C2838: 'GetForward': illegal qualified name in member declaration
C:\Users\Henry\source\repos\HenryWilder\cchess-2-2\cchess-2-2\Pawn.cpp(9,13): error C3254: 'UnitData': class contains explicit override 'GetPieceType' but does not derive from an interface that contains the function declaration
C:\Users\Henry\source\repos\HenryWilder\cchess-2-2\cchess-2-2\Pawn.cpp(9,13): error C2838: 'GetPieceType': illegal qualified name in member declaration
C:\Users\Henry\source\repos\HenryWilder\cchess-2-2\cchess-2-2\Pawn.cpp(14,12): error C3254: 'UnitData': class contains explicit override 'Move' but does not derive from an interface that contains the function declaration
C:\Users\Henry\source\repos\HenryWilder\cchess-2-2\cchess-2-2\Pawn.cpp(14,12): error C2838: 'Move': illegal qualified name in member declaration
C:\Users\Henry\source\repos\HenryWilder\cchess-2-2\cchess-2-2\Pawn.cpp(21,23): error C3254: 'UnitData': class contains explicit override 'GetSpritePointer' but does not derive from an interface that contains the function declaration
C:\Users\Henry\source\repos\HenryWilder\cchess-2-2\cchess-2-2\Pawn.cpp(21,23): error C2838: 'GetSpritePointer': illegal qualified name in member declaration
C:\Users\Henry\source\repos\HenryWilder\cchess-2-2\cchess-2-2\Pawn.cpp(26,12): error C3254: 'UnitData': class contains explicit override 'AvailableMoves' but does not derive from an interface that contains the function declaration
C:\Users\Henry\source\repos\HenryWilder\cchess-2-2\cchess-2-2\Pawn.cpp(26,12): error C2838: 'AvailableMoves': illegal qualified name in member declaration
C:\Users\Henry\source\repos\HenryWilder\cchess-2-2\cchess-2-2\Pawn.cpp(79,12): error C3254: 'UnitData': class contains explicit override 'CouldITakeAt' but does not derive from an interface that contains the function declaration
C:\Users\Henry\source\repos\HenryWilder\cchess-2-2\cchess-2-2\Pawn.cpp(79,12): error C2838: 'CouldITakeAt': illegal qualified name in member declaration
C:\Users\Henry\source\repos\HenryWilder\cchess-2-2\cchess-2-2\Pawn.cpp(89,1): fatal error C1004: unexpected end-of-file found
  Queen.cpp
C:\Users\Henry\source\repos\HenryWilder\cchess-2-2\cchess-2-2\Board.h(17,12): error C3646: 'color': unknown override specifier
C:\Users\Henry\source\repos\HenryWilder\cchess-2-2\cchess-2-2\Board.h(17,18): error C2059: syntax error: ':'
C:\Users\Henry\source\repos\HenryWilder\cchess-2-2\cchess-2-2\Board.h(17,18): error C2334: unexpected token(s) preceding ':'; skipping apparent function body
C:\Users\Henry\source\repos\HenryWilder\cchess-2-2\cchess-2-2\Board.h(24,11): error C2079: 'UnitData::BoardStateMemory::m_stateData' uses undefined struct 'UnitData'
C:\Users\Henry\source\repos\HenryWilder\cchess-2-2\cchess-2-2\Board.h(33,23): error C2061: syntax error: identifier 'Unit'
C:\Users\Henry\source\repos\HenryWilder\cchess-2-2\cchess-2-2\Board.h(42,14): error C2065: 'Unit': undeclared identifier
C:\Users\Henry\source\repos\HenryWilder\cchess-2-2\cchess-2-2\Board.h(42,19): error C2059: syntax error: '>'
C:\Users\Henry\source\repos\HenryWilder\cchess-2-2\cchess-2-2\Board.h(43,14): error C2065: 'Unit': undeclared identifier
C:\Users\Henry\source\repos\HenryWilder\cchess-2-2\cchess-2-2\Board.h(43,19): error C2059: syntax error: '>'
C:\Users\Henry\source\repos\HenryWilder\cchess-2-2\cchess-2-2\Board.h(47,20): error C2065: 'Unit': undeclared identifier
C:\Users\Henry\source\repos\HenryWilder\cchess-2-2\cchess-2-2\Board.h(47,25): error C2059: syntax error: '>'
C:\Users\Henry\source\repos\HenryWilder\cchess-2-2\cchess-2-2\Board.h(47,25): error C4430: missing type specifier - int assumed. Note: C++ does not support default-int
C:\Users\Henry\source\repos\HenryWilder\cchess-2-2\cchess-2-2\Board.h(47): error C2062: type 'unknown-type' unexpected
C:\Users\Henry\source\repos\HenryWilder\cchess-2-2\cchess-2-2\Board.h(47,64): error C2238: unexpected token(s) preceding ';'
C:\Users\Henry\source\repos\HenryWilder\cchess-2-2\cchess-2-2\Board.h(48,14): error C2065: 'Unit': undeclared identifier
C:\Users\Henry\source\repos\HenryWilder\cchess-2-2\cchess-2-2\Board.h(48,19): error C2059: syntax error: '>'
C:\Users\Henry\source\repos\HenryWilder\cchess-2-2\cchess-2-2\Board.h(48,35): error C2061: syntax error: identifier 'UnitColor'
C:\Users\Henry\source\repos\HenryWilder\cchess-2-2\cchess-2-2\Board.h(50,27): error C2061: syntax error: identifier 'UnitColor'
C:\Users\Henry\source\repos\HenryWilder\cchess-2-2\cchess-2-2\Board.h(51,35): error C2061: syntax error: identifier 'Piece'
C:\Users\Henry\source\repos\HenryWilder\cchess-2-2\cchess-2-2\Board.h(53,12): error C3646: 'CurrentTeam': unknown override specifier
C:\Users\Henry\source\repos\HenryWilder\cchess-2-2\cchess-2-2\Board.h(53,23): error C2059: syntax error: '('
C:\Users\Henry\source\repos\HenryWilder\cchess-2-2\cchess-2-2\Board.h(53,25): error C2238: unexpected token(s) preceding ';'
C:\Users\Henry\source\repos\HenryWilder\cchess-2-2\cchess-2-2\Board.h(54,12): error C3646: 'OpponentTeam': unknown override specifier
C:\Users\Henry\source\repos\HenryWilder\cchess-2-2\cchess-2-2\Board.h(54,24): error C2059: syntax error: '('
C:\Users\Henry\source\repos\HenryWilder\cchess-2-2\cchess-2-2\Board.h(54,26): error C2238: unexpected token(s) preceding ';'
C:\Users\Henry\source\repos\HenryWilder\cchess-2-2\cchess-2-2\Board.h(57,6): error C2143: syntax error: missing ';' before '*'
C:\Users\Henry\source\repos\HenryWilder\cchess-2-2\cchess-2-2\Board.h(57,6): error C4430: missing type specifier - int assumed. Note: C++ does not support default-int
C:\Users\Henry\source\repos\HenryWilder\cchess-2-2\cchess-2-2\Board.h(57,51): error C2238: unexpected token(s) preceding ';'
C:\Users\Henry\source\repos\HenryWilder\cchess-2-2\cchess-2-2\Board.h(58,6): error C2143: syntax error: missing ';' before '*'
C:\Users\Henry\source\repos\HenryWilder\cchess-2-2\cchess-2-2\Board.h(58,6): error C4430: missing type specifier - int assumed. Note: C++ does not support default-int
C:\Users\Henry\source\repos\HenryWilder\cchess-2-2\cchess-2-2\Board.h(58,31): error C2238: unexpected token(s) preceding ';'
C:\Users\Henry\source\repos\HenryWilder\cchess-2-2\cchess-2-2\Board.h(59,30): error C2061: syntax error: identifier 'UnitColor'
C:\Users\Henry\source\repos\HenryWilder\cchess-2-2\cchess-2-2\Board.h(76,54): error C4430: missing type specifier - int assumed. Note: C++ does not support default-int
C:\Users\Henry\source\repos\HenryWilder\cchess-2-2\cchess-2-2\Board.h(76,54): error C2143: syntax error: missing ',' before '*'
C:\Users\Henry\source\repos\HenryWilder\cchess-2-2\cchess-2-2\Board.h(78,17): error C2061: syntax error: identifier 'Unit'
C:\Users\Henry\source\repos\HenryWilder\cchess-2-2\cchess-2-2\Board.h(80,25): error C2061: syntax error: identifier 'PieceMoves'
C:\Users\Henry\source\repos\HenryWilder\cchess-2-2\cchess-2-2\Board.h(81,27): error C2061: syntax error: identifier 'PieceMoves'
C:\Users\Henry\source\repos\HenryWilder\cchess-2-2\cchess-2-2\Board.h(83,35): error C4430: missing type specifier - int assumed. Note: C++ does not support default-int
C:\Users\Henry\source\repos\HenryWilder\cchess-2-2\cchess-2-2\Board.h(83,35): error C2146: syntax error: missing ')' before identifier 'team'
C:\Users\Henry\source\repos\HenryWilder\cchess-2-2\cchess-2-2\Board.h(83,35): error C3646: 'team': unknown override specifier
C:\Users\Henry\source\repos\HenryWilder\cchess-2-2\cchess-2-2\Board.h(83,46): error C2143: syntax error: missing ';' before '&'
C:\Users\Henry\source\repos\HenryWilder\cchess-2-2\cchess-2-2\Board.h(83,85): error C2059: syntax error: ')'
C:\Users\Henry\source\repos\HenryWilder\cchess-2-2\cchess-2-2\Board.h(83,86): error C2238: unexpected token(s) preceding ';'
C:\Users\Henry\source\repos\HenryWilder\cchess-2-2\cchess-2-2\Board.h(84,29): error C2327: 'UnitData::Board::Coord': is not a type name, static, or enumerator
C:\Users\Henry\source\repos\HenryWilder\cchess-2-2\cchess-2-2\Board.h(84,36): error C2061: syntax error: identifier 'Unit'
C:\Users\Henry\source\repos\HenryWilder\cchess-2-2\cchess-2-2\Board.h(85,21): error C2327: 'UnitData::Board::Coord': is not a type name, static, or enumerator
C:\Users\Henry\source\repos\HenryWilder\cchess-2-2\cchess-2-2\Board.h(85,30): error C2061: syntax error: identifier 'Coord'
C:\Users\Henry\source\repos\HenryWilder\cchess-2-2\cchess-2-2\Board.h(86,23): error C2327: 'UnitData::Board::Coord': is not a type name, static, or enumerator
C:\Users\Henry\source\repos\HenryWilder\cchess-2-2\cchess-2-2\Board.h(86,32): error C2061: syntax error: identifier 'Coord'
C:\Users\Henry\source\repos\HenryWilder\cchess-2-2\cchess-2-2\Board.h(87,6): error C2143: syntax error: missing ';' before '*'
C:\Users\Henry\source\repos\HenryWilder\cchess-2-2\cchess-2-2\Board.h(87,6): error C4430: missing type specifier - int assumed. Note: C++ does not support default-int
C:\Users\Henry\source\repos\HenryWilder\cchess-2-2\cchess-2-2\Board.h(87,40): error C2238: unexpected token(s) preceding ';'
C:\Users\Henry\source\repos\HenryWilder\cchess-2-2\cchess-2-2\Board.h(95,15): error C2061: syntax error: identifier 'Unit'
C:\Users\Henry\source\repos\HenryWilder\cchess-2-2\cchess-2-2\Board.h(96,18): error C2061: syntax error: identifier 'Unit'
C:\Users\Henry\source\repos\HenryWilder\cchess-2-2\cchess-2-2\Queen.cpp(3,14): error C3254: 'UnitData': class contains explicit override 'GetPieceType' but does not derive from an interface that contains the function declaration
C:\Users\Henry\source\repos\HenryWilder\cchess-2-2\cchess-2-2\Queen.cpp(3,14): error C2838: 'GetPieceType': illegal qualified name in member declaration
C:\Users\Henry\source\repos\HenryWilder\cchess-2-2\cchess-2-2\Queen.cpp(8,24): error C3254: 'UnitData': class contains explicit override 'GetSpritePointer' but does not derive from an interface that contains the function declaration
C:\Users\Henry\source\repos\HenryWilder\cchess-2-2\cchess-2-2\Queen.cpp(8,24): error C2838: 'GetSpritePointer': illegal qualified name in member declaration
C:\Users\Henry\source\repos\HenryWilder\cchess-2-2\cchess-2-2\Queen.cpp(13,13): error C3254: 'UnitData': class contains explicit override 'AvailableMoves' but does not derive from an interface that contains the function declaration
C:\Users\Henry\source\repos\HenryWilder\cchess-2-2\cchess-2-2\Queen.cpp(13,13): error C2838: 'AvailableMoves': illegal qualified name in member declaration
C:\Users\Henry\source\repos\HenryWilder\cchess-2-2\cchess-2-2\Queen.cpp(31,13): error C3254: 'UnitData': class contains explicit override 'CouldITakeAt' but does not derive from an interface that contains the function declaration
C:\Users\Henry\source\repos\HenryWilder\cchess-2-2\cchess-2-2\Queen.cpp(31,13): error C2838: 'CouldITakeAt': illegal qualified name in member declaration
C:\Users\Henry\source\repos\HenryWilder\cchess-2-2\cchess-2-2\Queen.cpp(35,1): fatal error C1004: unexpected end-of-file found
  Rendering.cpp
C:\Users\Henry\source\repos\HenryWilder\cchess-2-2\cchess-2-2\Unit.h(43,40): error C2061: syntax error: identifier 'Board'
C:\Users\Henry\source\repos\HenryWilder\cchess-2-2\cchess-2-2\Unit.h(71,7): error C2143: syntax error: missing ';' before '*'
C:\Users\Henry\source\repos\HenryWilder\cchess-2-2\cchess-2-2\Unit.h(71,7): error C4430: missing type specifier - int assumed. Note: C++ does not support default-int
C:\Users\Henry\source\repos\HenryWilder\cchess-2-2\cchess-2-2\Unit.h(71,21): error C2238: unexpected token(s) preceding ';'
C:\Users\Henry\source\repos\HenryWilder\cchess-2-2\cchess-2-2\Rendering.cpp(37,9): error C3861: 'Even': identifier not found
C:\Users\Henry\source\repos\HenryWilder\cchess-2-2\cchess-2-2\Rendering.cpp(113,30): error C2039: 'start': is not a member of 'BoardTile'
C:\Users\Henry\source\repos\HenryWilder\cchess-2-2\cchess-2-2\Utils.h(290): message : see declaration of 'BoardTile'
C:\Users\Henry\source\repos\HenryWilder\cchess-2-2\cchess-2-2\Rendering.cpp(113,59): error C2039: 'end': is not a member of 'BoardTile'
C:\Users\Henry\source\repos\HenryWilder\cchess-2-2\cchess-2-2\Utils.h(290): message : see declaration of 'BoardTile'
C:\Users\Henry\source\repos\HenryWilder\cchess-2-2\cchess-2-2\Rendering.cpp(115,34): error C2039: 'start': is not a member of 'BoardTile'
C:\Users\Henry\source\repos\HenryWilder\cchess-2-2\cchess-2-2\Utils.h(290): message : see declaration of 'BoardTile'
C:\Users\Henry\source\repos\HenryWilder\cchess-2-2\cchess-2-2\Rendering.cpp(115,63): error C2039: 'end': is not a member of 'BoardTile'
C:\Users\Henry\source\repos\HenryWilder\cchess-2-2\cchess-2-2\Utils.h(290): message : see declaration of 'BoardTile'
C:\Users\Henry\source\repos\HenryWilder\cchess-2-2\cchess-2-2\Rendering.cpp(150,34): error C2039: 'start': is not a member of 'BoardTile'
C:\Users\Henry\source\repos\HenryWilder\cchess-2-2\cchess-2-2\Utils.h(290): message : see declaration of 'BoardTile'
C:\Users\Henry\source\repos\HenryWilder\cchess-2-2\cchess-2-2\Rendering.cpp(150,63): error C2039: 'end': is not a member of 'BoardTile'
C:\Users\Henry\source\repos\HenryWilder\cchess-2-2\cchess-2-2\Utils.h(290): message : see declaration of 'BoardTile'
C:\Users\Henry\source\repos\HenryWilder\cchess-2-2\cchess-2-2\Rendering.cpp(152,38): error C2039: 'start': is not a member of 'BoardTile'
C:\Users\Henry\source\repos\HenryWilder\cchess-2-2\cchess-2-2\Utils.h(290): message : see declaration of 'BoardTile'
C:\Users\Henry\source\repos\HenryWilder\cchess-2-2\cchess-2-2\Rendering.cpp(152,67): error C2039: 'end': is not a member of 'BoardTile'
C:\Users\Henry\source\repos\HenryWilder\cchess-2-2\cchess-2-2\Utils.h(290): message : see declaration of 'BoardTile'
C:\Users\Henry\source\repos\HenryWilder\cchess-2-2\cchess-2-2\Rendering.cpp(179,30): error C2039: 'start': is not a member of 'BoardTile'
C:\Users\Henry\source\repos\HenryWilder\cchess-2-2\cchess-2-2\Utils.h(290): message : see declaration of 'BoardTile'
C:\Users\Henry\source\repos\HenryWilder\cchess-2-2\cchess-2-2\Rendering.cpp(179,59): error C2039: 'end': is not a member of 'BoardTile'
C:\Users\Henry\source\repos\HenryWilder\cchess-2-2\cchess-2-2\Utils.h(290): message : see declaration of 'BoardTile'
C:\Users\Henry\source\repos\HenryWilder\cchess-2-2\cchess-2-2\Rendering.cpp(181,34): error C2039: 'start': is not a member of 'BoardTile'
C:\Users\Henry\source\repos\HenryWilder\cchess-2-2\cchess-2-2\Utils.h(290): message : see declaration of 'BoardTile'
C:\Users\Henry\source\repos\HenryWilder\cchess-2-2\cchess-2-2\Rendering.cpp(181,63): error C2039: 'end': is not a member of 'BoardTile'
C:\Users\Henry\source\repos\HenryWilder\cchess-2-2\cchess-2-2\Utils.h(290): message : see declaration of 'BoardTile'
C:\Users\Henry\source\repos\HenryWilder\cchess-2-2\cchess-2-2\Rendering.cpp(207,30): error C2039: 'start': is not a member of 'BoardTile'
C:\Users\Henry\source\repos\HenryWilder\cchess-2-2\cchess-2-2\Utils.h(290): message : see declaration of 'BoardTile'
C:\Users\Henry\source\repos\HenryWilder\cchess-2-2\cchess-2-2\Rendering.cpp(207,59): error C2039: 'end': is not a member of 'BoardTile'
C:\Users\Henry\source\repos\HenryWilder\cchess-2-2\cchess-2-2\Utils.h(290): message : see declaration of 'BoardTile'
C:\Users\Henry\source\repos\HenryWilder\cchess-2-2\cchess-2-2\Rendering.cpp(209,34): error C2039: 'start': is not a member of 'BoardTile'
C:\Users\Henry\source\repos\HenryWilder\cchess-2-2\cchess-2-2\Utils.h(290): message : see declaration of 'BoardTile'
C:\Users\Henry\source\repos\HenryWilder\cchess-2-2\cchess-2-2\Rendering.cpp(209,63): error C2039: 'end': is not a member of 'BoardTile'
C:\Users\Henry\source\repos\HenryWilder\cchess-2-2\cchess-2-2\Utils.h(290): message : see declaration of 'BoardTile'
C:\Users\Henry\source\repos\HenryWilder\cchess-2-2\cchess-2-2\Rendering.cpp(285,30): error C2039: 'start': is not a member of 'BoardTile'
C:\Users\Henry\source\repos\HenryWilder\cchess-2-2\cchess-2-2\Utils.h(290): message : see declaration of 'BoardTile'
C:\Users\Henry\source\repos\HenryWilder\cchess-2-2\cchess-2-2\Rendering.cpp(285,59): error C2039: 'end': is not a member of 'BoardTile'
C:\Users\Henry\source\repos\HenryWilder\cchess-2-2\cchess-2-2\Utils.h(290): message : see declaration of 'BoardTile'
C:\Users\Henry\source\repos\HenryWilder\cchess-2-2\cchess-2-2\Rendering.cpp(287,34): error C2039: 'start': is not a member of 'BoardTile'
C:\Users\Henry\source\repos\HenryWilder\cchess-2-2\cchess-2-2\Utils.h(290): message : see declaration of 'BoardTile'
C:\Users\Henry\source\repos\HenryWilder\cchess-2-2\cchess-2-2\Rendering.cpp(287,63): error C2039: 'end': is not a member of 'BoardTile'
C:\Users\Henry\source\repos\HenryWilder\cchess-2-2\cchess-2-2\Utils.h(290): message : see declaration of 'BoardTile'
C:\Users\Henry\source\repos\HenryWilder\cchess-2-2\cchess-2-2\Rendering.cpp(340,30): error C2039: 'start': is not a member of 'BoardTile'
C:\Users\Henry\source\repos\HenryWilder\cchess-2-2\cchess-2-2\Utils.h(290): message : see declaration of 'BoardTile'
C:\Users\Henry\source\repos\HenryWilder\cchess-2-2\cchess-2-2\Rendering.cpp(340,51): error C2039: 'start': is not a member of 'BoardTile'
C:\Users\Henry\source\repos\HenryWilder\cchess-2-2\cchess-2-2\Utils.h(290): message : see declaration of 'BoardTile'
C:\Users\Henry\source\repos\HenryWilder\cchess-2-2\cchess-2-2\Rendering.cpp(340,72): error C2039: 'end': is not a member of 'BoardTile'
C:\Users\Henry\source\repos\HenryWilder\cchess-2-2\cchess-2-2\Utils.h(290): message : see declaration of 'BoardTile'
C:\Users\Henry\source\repos\HenryWilder\cchess-2-2\cchess-2-2\Rendering.cpp(340,91): error C2039: 'end': is not a member of 'BoardTile'
C:\Users\Henry\source\repos\HenryWilder\cchess-2-2\cchess-2-2\Utils.h(290): message : see declaration of 'BoardTile'
C:\Users\Henry\source\repos\HenryWilder\cchess-2-2\cchess-2-2\Rendering.cpp(340,103): error C2660: 'FrameBuffer::DrawRectFAST': function does not take 2 arguments
C:\Users\Henry\source\repos\HenryWilder\cchess-2-2\cchess-2-2\Rendering.cpp(299,19): message : see declaration of 'FrameBuffer::DrawRectFAST'
C:\Users\Henry\source\repos\HenryWilder\cchess-2-2\cchess-2-2\Rendering.cpp(346,26): error C2039: 'start': is not a member of 'BoardTile'
C:\Users\Henry\source\repos\HenryWilder\cchess-2-2\cchess-2-2\Utils.h(290): message : see declaration of 'BoardTile'
C:\Users\Henry\source\repos\HenryWilder\cchess-2-2\cchess-2-2\Rendering.cpp(346,47): error C2039: 'start': is not a member of 'BoardTile'
C:\Users\Henry\source\repos\HenryWilder\cchess-2-2\cchess-2-2\Utils.h(290): message : see declaration of 'BoardTile'
C:\Users\Henry\source\repos\HenryWilder\cchess-2-2\cchess-2-2\Rendering.cpp(346,68): error C2039: 'end': is not a member of 'BoardTile'
C:\Users\Henry\source\repos\HenryWilder\cchess-2-2\cchess-2-2\Utils.h(290): message : see declaration of 'BoardTile'
C:\Users\Henry\source\repos\HenryWilder\cchess-2-2\cchess-2-2\Rendering.cpp(346,87): error C2039: 'end': is not a member of 'BoardTile'
C:\Users\Henry\source\repos\HenryWilder\cchess-2-2\cchess-2-2\Utils.h(290): message : see declaration of 'BoardTile'
C:\Users\Henry\source\repos\HenryWilder\cchess-2-2\cchess-2-2\Rendering.cpp(346,99): error C2661: 'FrameBuffer::DrawRect': no overloaded function takes 2 arguments
  Rook.cpp
C:\Users\Henry\source\repos\HenryWilder\cchess-2-2\cchess-2-2\Board.h(17,12): error C3646: 'color': unknown override specifier
C:\Users\Henry\source\repos\HenryWilder\cchess-2-2\cchess-2-2\Board.h(17,18): error C2059: syntax error: ':'
C:\Users\Henry\source\repos\HenryWilder\cchess-2-2\cchess-2-2\Board.h(17,18): error C2334: unexpected token(s) preceding ':'; skipping apparent function body
C:\Users\Henry\source\repos\HenryWilder\cchess-2-2\cchess-2-2\Board.h(24,11): error C2079: 'UnitData::BoardStateMemory::m_stateData' uses undefined struct 'UnitData'
C:\Users\Henry\source\repos\HenryWilder\cchess-2-2\cchess-2-2\Board.h(33,23): error C2061: syntax error: identifier 'Unit'
C:\Users\Henry\source\repos\HenryWilder\cchess-2-2\cchess-2-2\Board.h(42,14): error C2065: 'Unit': undeclared identifier
C:\Users\Henry\source\repos\HenryWilder\cchess-2-2\cchess-2-2\Board.h(42,19): error C2059: syntax error: '>'
C:\Users\Henry\source\repos\HenryWilder\cchess-2-2\cchess-2-2\Board.h(43,14): error C2065: 'Unit': undeclared identifier
C:\Users\Henry\source\repos\HenryWilder\cchess-2-2\cchess-2-2\Board.h(43,19): error C2059: syntax error: '>'
C:\Users\Henry\source\repos\HenryWilder\cchess-2-2\cchess-2-2\Board.h(47,20): error C2065: 'Unit': undeclared identifier
C:\Users\Henry\source\repos\HenryWilder\cchess-2-2\cchess-2-2\Board.h(47,25): error C2059: syntax error: '>'
C:\Users\Henry\source\repos\HenryWilder\cchess-2-2\cchess-2-2\Board.h(47,25): error C4430: missing type specifier - int assumed. Note: C++ does not support default-int
C:\Users\Henry\source\repos\HenryWilder\cchess-2-2\cchess-2-2\Board.h(47): error C2062: type 'unknown-type' unexpected
C:\Users\Henry\source\repos\HenryWilder\cchess-2-2\cchess-2-2\Board.h(47,64): error C2238: unexpected token(s) preceding ';'
C:\Users\Henry\source\repos\HenryWilder\cchess-2-2\cchess-2-2\Board.h(48,14): error C2065: 'Unit': undeclared identifier
C:\Users\Henry\source\repos\HenryWilder\cchess-2-2\cchess-2-2\Board.h(48,19): error C2059: syntax error: '>'
C:\Users\Henry\source\repos\HenryWilder\cchess-2-2\cchess-2-2\Board.h(48,35): error C2061: syntax error: identifier 'UnitColor'
C:\Users\Henry\source\repos\HenryWilder\cchess-2-2\cchess-2-2\Board.h(50,27): error C2061: syntax error: identifier 'UnitColor'
C:\Users\Henry\source\repos\HenryWilder\cchess-2-2\cchess-2-2\Board.h(51,35): error C2061: syntax error: identifier 'Piece'
C:\Users\Henry\source\repos\HenryWilder\cchess-2-2\cchess-2-2\Board.h(53,12): error C3646: 'CurrentTeam': unknown override specifier
C:\Users\Henry\source\repos\HenryWilder\cchess-2-2\cchess-2-2\Board.h(53,23): error C2059: syntax error: '('
C:\Users\Henry\source\repos\HenryWilder\cchess-2-2\cchess-2-2\Board.h(53,25): error C2238: unexpected token(s) preceding ';'
C:\Users\Henry\source\repos\HenryWilder\cchess-2-2\cchess-2-2\Board.h(54,12): error C3646: 'OpponentTeam': unknown override specifier
C:\Users\Henry\source\repos\HenryWilder\cchess-2-2\cchess-2-2\Board.h(54,24): error C2059: syntax error: '('
C:\Users\Henry\source\repos\HenryWilder\cchess-2-2\cchess-2-2\Board.h(54,26): error C2238: unexpected token(s) preceding ';'
C:\Users\Henry\source\repos\HenryWilder\cchess-2-2\cchess-2-2\Board.h(57,6): error C2143: syntax error: missing ';' before '*'
C:\Users\Henry\source\repos\HenryWilder\cchess-2-2\cchess-2-2\Board.h(57,6): error C4430: missing type specifier - int assumed. Note: C++ does not support default-int
C:\Users\Henry\source\repos\HenryWilder\cchess-2-2\cchess-2-2\Board.h(57,51): error C2238: unexpected token(s) preceding ';'
C:\Users\Henry\source\repos\HenryWilder\cchess-2-2\cchess-2-2\Board.h(58,6): error C2143: syntax error: missing ';' before '*'
C:\Users\Henry\source\repos\HenryWilder\cchess-2-2\cchess-2-2\Board.h(58,6): error C4430: missing type specifier - int assumed. Note: C++ does not support default-int
C:\Users\Henry\source\repos\HenryWilder\cchess-2-2\cchess-2-2\Board.h(58,31): error C2238: unexpected token(s) preceding ';'
C:\Users\Henry\source\repos\HenryWilder\cchess-2-2\cchess-2-2\Board.h(59,30): error C2061: syntax error: identifier 'UnitColor'
C:\Users\Henry\source\repos\HenryWilder\cchess-2-2\cchess-2-2\Board.h(76,54): error C4430: missing type specifier - int assumed. Note: C++ does not support default-int
C:\Users\Henry\source\repos\HenryWilder\cchess-2-2\cchess-2-2\Board.h(76,54): error C2143: syntax error: missing ',' before '*'
C:\Users\Henry\source\repos\HenryWilder\cchess-2-2\cchess-2-2\Board.h(78,17): error C2061: syntax error: identifier 'Unit'
C:\Users\Henry\source\repos\HenryWilder\cchess-2-2\cchess-2-2\Board.h(80,25): error C2061: syntax error: identifier 'PieceMoves'
C:\Users\Henry\source\repos\HenryWilder\cchess-2-2\cchess-2-2\Board.h(81,27): error C2061: syntax error: identifier 'PieceMoves'
C:\Users\Henry\source\repos\HenryWilder\cchess-2-2\cchess-2-2\Board.h(83,35): error C4430: missing type specifier - int assumed. Note: C++ does not support default-int
C:\Users\Henry\source\repos\HenryWilder\cchess-2-2\cchess-2-2\Board.h(83,35): error C2146: syntax error: missing ')' before identifier 'team'
C:\Users\Henry\source\repos\HenryWilder\cchess-2-2\cchess-2-2\Board.h(83,35): error C3646: 'team': unknown override specifier
C:\Users\Henry\source\repos\HenryWilder\cchess-2-2\cchess-2-2\Board.h(83,46): error C2143: syntax error: missing ';' before '&'
C:\Users\Henry\source\repos\HenryWilder\cchess-2-2\cchess-2-2\Board.h(83,85): error C2059: syntax error: ')'
C:\Users\Henry\source\repos\HenryWilder\cchess-2-2\cchess-2-2\Board.h(83,86): error C2238: unexpected token(s) preceding ';'
C:\Users\Henry\source\repos\HenryWilder\cchess-2-2\cchess-2-2\Board.h(84,29): error C2327: 'UnitData::Board::Coord': is not a type name, static, or enumerator
C:\Users\Henry\source\repos\HenryWilder\cchess-2-2\cchess-2-2\Board.h(84,36): error C2061: syntax error: identifier 'Unit'
C:\Users\Henry\source\repos\HenryWilder\cchess-2-2\cchess-2-2\Board.h(85,21): error C2327: 'UnitData::Board::Coord': is not a type name, static, or enumerator
C:\Users\Henry\source\repos\HenryWilder\cchess-2-2\cchess-2-2\Board.h(85,30): error C2061: syntax error: identifier 'Coord'
C:\Users\Henry\source\repos\HenryWilder\cchess-2-2\cchess-2-2\Board.h(86,23): error C2327: 'UnitData::Board::Coord': is not a type name, static, or enumerator
C:\Users\Henry\source\repos\HenryWilder\cchess-2-2\cchess-2-2\Board.h(86,32): error C2061: syntax error: identifier 'Coord'
C:\Users\Henry\source\repos\HenryWilder\cchess-2-2\cchess-2-2\Board.h(87,6): error C2143: syntax error: missing ';' before '*'
C:\Users\Henry\source\repos\HenryWilder\cchess-2-2\cchess-2-2\Board.h(87,6): error C4430: missing type specifier - int assumed. Note: C++ does not support default-int
C:\Users\Henry\source\repos\HenryWilder\cchess-2-2\cchess-2-2\Board.h(87,40): error C2238: unexpected token(s) preceding ';'
C:\Users\Henry\source\repos\HenryWilder\cchess-2-2\cchess-2-2\Board.h(95,15): error C2061: syntax error: identifier 'Unit'
C:\Users\Henry\source\repos\HenryWilder\cchess-2-2\cchess-2-2\Board.h(96,18): error C2061: syntax error: identifier 'Unit'
C:\Users\Henry\source\repos\HenryWilder\cchess-2-2\cchess-2-2\Rook.cpp(3,13): error C3254: 'UnitData': class contains explicit override 'GetPieceType' but does not derive from an interface that contains the function declaration
C:\Users\Henry\source\repos\HenryWilder\cchess-2-2\cchess-2-2\Rook.cpp(3,13): error C2838: 'GetPieceType': illegal qualified name in member declaration
C:\Users\Henry\source\repos\HenryWilder\cchess-2-2\cchess-2-2\Rook.cpp(8,12): error C3254: 'UnitData': class contains explicit override 'Move' but does not derive from an interface that contains the function declaration
C:\Users\Henry\source\repos\HenryWilder\cchess-2-2\cchess-2-2\Rook.cpp(8,12): error C2838: 'Move': illegal qualified name in member declaration
C:\Users\Henry\source\repos\HenryWilder\cchess-2-2\cchess-2-2\Rook.cpp(14,23): error C3254: 'UnitData': class contains explicit override 'GetSpritePointer' but does not derive from an interface that contains the function declaration
C:\Users\Henry\source\repos\HenryWilder\cchess-2-2\cchess-2-2\Rook.cpp(14,23): error C2838: 'GetSpritePointer': illegal qualified name in member declaration
C:\Users\Henry\source\repos\HenryWilder\cchess-2-2\cchess-2-2\Rook.cpp(19,12): error C3254: 'UnitData': class contains explicit override 'AvailableMoves' but does not derive from an interface that contains the function declaration
C:\Users\Henry\source\repos\HenryWilder\cchess-2-2\cchess-2-2\Rook.cpp(19,12): error C2838: 'AvailableMoves': illegal qualified name in member declaration
C:\Users\Henry\source\repos\HenryWilder\cchess-2-2\cchess-2-2\Rook.cpp(37,12): error C3254: 'UnitData': class contains explicit override 'CouldITakeAt' but does not derive from an interface that contains the function declaration
C:\Users\Henry\source\repos\HenryWilder\cchess-2-2\cchess-2-2\Rook.cpp(37,12): error C2838: 'CouldITakeAt': illegal qualified name in member declaration
C:\Users\Henry\source\repos\HenryWilder\cchess-2-2\cchess-2-2\Rook.cpp(43,1): fatal error C1004: unexpected end-of-file found
  Sprites.cpp
C:\Users\Henry\source\repos\HenryWilder\cchess-2-2\cchess-2-2\Sprites.cpp(7,22): error C2373: 'sprite::unit::null': redefinition; different type modifiers
C:\Users\Henry\source\repos\HenryWilder\cchess-2-2\cchess-2-2\Rendering.h(66): message : see declaration of 'sprite::unit::null'
C:\Users\Henry\source\repos\HenryWilder\cchess-2-2\cchess-2-2\Sprites.cpp(27,22): error C2373: 'sprite::unit::pawn': redefinition; different type modifiers
C:\Users\Henry\source\repos\HenryWilder\cchess-2-2\cchess-2-2\Rendering.h(67): message : see declaration of 'sprite::unit::pawn'
C:\Users\Henry\source\repos\HenryWilder\cchess-2-2\cchess-2-2\Sprites.cpp(47,22): error C2373: 'sprite::unit::rook': redefinition; different type modifiers
C:\Users\Henry\source\repos\HenryWilder\cchess-2-2\cchess-2-2\Rendering.h(68): message : see declaration of 'sprite::unit::rook'
C:\Users\Henry\source\repos\HenryWilder\cchess-2-2\cchess-2-2\Sprites.cpp(67,22): error C2373: 'sprite::unit::knight': redefinition; different type modifiers
C:\Users\Henry\source\repos\HenryWilder\cchess-2-2\cchess-2-2\Rendering.h(69): message : see declaration of 'sprite::unit::knight'
C:\Users\Henry\source\repos\HenryWilder\cchess-2-2\cchess-2-2\Sprites.cpp(87,22): error C2373: 'sprite::unit::bishop': redefinition; different type modifiers
C:\Users\Henry\source\repos\HenryWilder\cchess-2-2\cchess-2-2\Rendering.h(70): message : see declaration of 'sprite::unit::bishop'
C:\Users\Henry\source\repos\HenryWilder\cchess-2-2\cchess-2-2\Sprites.cpp(107,22): error C2373: 'sprite::unit::queen': redefinition; different type modifiers
C:\Users\Henry\source\repos\HenryWilder\cchess-2-2\cchess-2-2\Rendering.h(71): message : see declaration of 'sprite::unit::queen'
C:\Users\Henry\source\repos\HenryWilder\cchess-2-2\cchess-2-2\Sprites.cpp(127,22): error C2373: 'sprite::unit::king': redefinition; different type modifiers
C:\Users\Henry\source\repos\HenryWilder\cchess-2-2\cchess-2-2\Rendering.h(72): message : see declaration of 'sprite::unit::king'
C:\Users\Henry\source\repos\HenryWilder\cchess-2-2\cchess-2-2\Sprites.cpp(147,23): error C2373: 'sprite::unit::all': redefinition; different type modifiers
C:\Users\Henry\source\repos\HenryWilder\cchess-2-2\cchess-2-2\Rendering.h(74): message : see declaration of 'sprite::unit::all'
C:\Users\Henry\source\repos\HenryWilder\cchess-2-2\cchess-2-2\Sprites.cpp(161,22): error C2373: 'sprite::symbol::arrowL': redefinition; different type modifiers
C:\Users\Henry\source\repos\HenryWilder\cchess-2-2\cchess-2-2\Rendering.h(79): message : see declaration of 'sprite::symbol::arrowL'
C:\Users\Henry\source\repos\HenryWilder\cchess-2-2\cchess-2-2\Sprites.cpp(181,22): error C2373: 'sprite::symbol::arrowR': redefinition; different type modifiers
C:\Users\Henry\source\repos\HenryWilder\cchess-2-2\cchess-2-2\Rendering.h(80): message : see declaration of 'sprite::symbol::arrowR'
  Unit.cpp
C:\Users\Henry\source\repos\HenryWilder\cchess-2-2\cchess-2-2\Board.h(17,12): error C3646: 'color': unknown override specifier
C:\Users\Henry\source\repos\HenryWilder\cchess-2-2\cchess-2-2\Board.h(17,18): error C2059: syntax error: ':'
C:\Users\Henry\source\repos\HenryWilder\cchess-2-2\cchess-2-2\Board.h(17,18): error C2334: unexpected token(s) preceding ':'; skipping apparent function body
C:\Users\Henry\source\repos\HenryWilder\cchess-2-2\cchess-2-2\Board.h(24,11): error C2079: 'UnitData::BoardStateMemory::m_stateData' uses undefined struct 'UnitData'
C:\Users\Henry\source\repos\HenryWilder\cchess-2-2\cchess-2-2\Board.h(33,23): error C2061: syntax error: identifier 'Unit'
C:\Users\Henry\source\repos\HenryWilder\cchess-2-2\cchess-2-2\Board.h(42,14): error C2065: 'Unit': undeclared identifier
C:\Users\Henry\source\repos\HenryWilder\cchess-2-2\cchess-2-2\Board.h(42,19): error C2059: syntax error: '>'
C:\Users\Henry\source\repos\HenryWilder\cchess-2-2\cchess-2-2\Board.h(43,14): error C2065: 'Unit': undeclared identifier
C:\Users\Henry\source\repos\HenryWilder\cchess-2-2\cchess-2-2\Board.h(43,19): error C2059: syntax error: '>'
C:\Users\Henry\source\repos\HenryWilder\cchess-2-2\cchess-2-2\Board.h(47,20): error C2065: 'Unit': undeclared identifier
C:\Users\Henry\source\repos\HenryWilder\cchess-2-2\cchess-2-2\Board.h(47,25): error C2059: syntax error: '>'
C:\Users\Henry\source\repos\HenryWilder\cchess-2-2\cchess-2-2\Board.h(47,25): error C4430: missing type specifier - int assumed. Note: C++ does not support default-int
C:\Users\Henry\source\repos\HenryWilder\cchess-2-2\cchess-2-2\Board.h(47): error C2062: type 'unknown-type' unexpected
C:\Users\Henry\source\repos\HenryWilder\cchess-2-2\cchess-2-2\Board.h(47,64): error C2238: unexpected token(s) preceding ';'
C:\Users\Henry\source\repos\HenryWilder\cchess-2-2\cchess-2-2\Board.h(48,14): error C2065: 'Unit': undeclared identifier
C:\Users\Henry\source\repos\HenryWilder\cchess-2-2\cchess-2-2\Board.h(48,19): error C2059: syntax error: '>'
C:\Users\Henry\source\repos\HenryWilder\cchess-2-2\cchess-2-2\Board.h(48,35): error C2061: syntax error: identifier 'UnitColor'
C:\Users\Henry\source\repos\HenryWilder\cchess-2-2\cchess-2-2\Board.h(50,27): error C2061: syntax error: identifier 'UnitColor'
C:\Users\Henry\source\repos\HenryWilder\cchess-2-2\cchess-2-2\Board.h(51,35): error C2061: syntax error: identifier 'Piece'
C:\Users\Henry\source\repos\HenryWilder\cchess-2-2\cchess-2-2\Board.h(53,12): error C3646: 'CurrentTeam': unknown override specifier
C:\Users\Henry\source\repos\HenryWilder\cchess-2-2\cchess-2-2\Board.h(53,23): error C2059: syntax error: '('
C:\Users\Henry\source\repos\HenryWilder\cchess-2-2\cchess-2-2\Board.h(53,25): error C2238: unexpected token(s) preceding ';'
C:\Users\Henry\source\repos\HenryWilder\cchess-2-2\cchess-2-2\Board.h(54,12): error C3646: 'OpponentTeam': unknown override specifier
C:\Users\Henry\source\repos\HenryWilder\cchess-2-2\cchess-2-2\Board.h(54,24): error C2059: syntax error: '('
C:\Users\Henry\source\repos\HenryWilder\cchess-2-2\cchess-2-2\Board.h(54,26): error C2238: unexpected token(s) preceding ';'
C:\Users\Henry\source\repos\HenryWilder\cchess-2-2\cchess-2-2\Board.h(57,6): error C2143: syntax error: missing ';' before '*'
C:\Users\Henry\source\repos\HenryWilder\cchess-2-2\cchess-2-2\Board.h(57,6): error C4430: missing type specifier - int assumed. Note: C++ does not support default-int
C:\Users\Henry\source\repos\HenryWilder\cchess-2-2\cchess-2-2\Board.h(57,51): error C2238: unexpected token(s) preceding ';'
C:\Users\Henry\source\repos\HenryWilder\cchess-2-2\cchess-2-2\Board.h(58,6): error C2143: syntax error: missing ';' before '*'
C:\Users\Henry\source\repos\HenryWilder\cchess-2-2\cchess-2-2\Board.h(58,6): error C4430: missing type specifier - int assumed. Note: C++ does not support default-int
C:\Users\Henry\source\repos\HenryWilder\cchess-2-2\cchess-2-2\Board.h(58,31): error C2238: unexpected token(s) preceding ';'
C:\Users\Henry\source\repos\HenryWilder\cchess-2-2\cchess-2-2\Board.h(59,30): error C2061: syntax error: identifier 'UnitColor'
C:\Users\Henry\source\repos\HenryWilder\cchess-2-2\cchess-2-2\Board.h(76,54): error C4430: missing type specifier - int assumed. Note: C++ does not support default-int
C:\Users\Henry\source\repos\HenryWilder\cchess-2-2\cchess-2-2\Board.h(76,54): error C2143: syntax error: missing ',' before '*'
C:\Users\Henry\source\repos\HenryWilder\cchess-2-2\cchess-2-2\Board.h(78,17): error C2061: syntax error: identifier 'Unit'
C:\Users\Henry\source\repos\HenryWilder\cchess-2-2\cchess-2-2\Board.h(80,25): error C2061: syntax error: identifier 'PieceMoves'
C:\Users\Henry\source\repos\HenryWilder\cchess-2-2\cchess-2-2\Board.h(81,27): error C2061: syntax error: identifier 'PieceMoves'
C:\Users\Henry\source\repos\HenryWilder\cchess-2-2\cchess-2-2\Board.h(83,35): error C4430: missing type specifier - int assumed. Note: C++ does not support default-int
C:\Users\Henry\source\repos\HenryWilder\cchess-2-2\cchess-2-2\Board.h(83,35): error C2146: syntax error: missing ')' before identifier 'team'
C:\Users\Henry\source\repos\HenryWilder\cchess-2-2\cchess-2-2\Board.h(83,35): error C3646: 'team': unknown override specifier
C:\Users\Henry\source\repos\HenryWilder\cchess-2-2\cchess-2-2\Board.h(83,46): error C2143: syntax error: missing ';' before '&'
C:\Users\Henry\source\repos\HenryWilder\cchess-2-2\cchess-2-2\Board.h(83,85): error C2059: syntax error: ')'
C:\Users\Henry\source\repos\HenryWilder\cchess-2-2\cchess-2-2\Board.h(83,86): error C2238: unexpected token(s) preceding ';'
C:\Users\Henry\source\repos\HenryWilder\cchess-2-2\cchess-2-2\Board.h(84,29): error C2327: 'UnitData::Board::Coord': is not a type name, static, or enumerator
C:\Users\Henry\source\repos\HenryWilder\cchess-2-2\cchess-2-2\Board.h(84,36): error C2061: syntax error: identifier 'Unit'
C:\Users\Henry\source\repos\HenryWilder\cchess-2-2\cchess-2-2\Board.h(85,21): error C2327: 'UnitData::Board::Coord': is not a type name, static, or enumerator
C:\Users\Henry\source\repos\HenryWilder\cchess-2-2\cchess-2-2\Board.h(85,30): error C2061: syntax error: identifier 'Coord'
C:\Users\Henry\source\repos\HenryWilder\cchess-2-2\cchess-2-2\Board.h(86,23): error C2327: 'UnitData::Board::Coord': is not a type name, static, or enumerator
C:\Users\Henry\source\repos\HenryWilder\cchess-2-2\cchess-2-2\Board.h(86,32): error C2061: syntax error: identifier 'Coord'
C:\Users\Henry\source\repos\HenryWilder\cchess-2-2\cchess-2-2\Board.h(87,6): error C2143: syntax error: missing ';' before '*'
C:\Users\Henry\source\repos\HenryWilder\cchess-2-2\cchess-2-2\Board.h(87,6): error C4430: missing type specifier - int assumed. Note: C++ does not support default-int
C:\Users\Henry\source\repos\HenryWilder\cchess-2-2\cchess-2-2\Board.h(87,40): error C2238: unexpected token(s) preceding ';'
C:\Users\Henry\source\repos\HenryWilder\cchess-2-2\cchess-2-2\Board.h(95,15): error C2061: syntax error: identifier 'Unit'
C:\Users\Henry\source\repos\HenryWilder\cchess-2-2\cchess-2-2\Board.h(96,18): error C2061: syntax error: identifier 'Unit'
C:\Users\Henry\source\repos\HenryWilder\cchess-2-2\cchess-2-2\Unit.cpp(3,12): error C2086: 'UnitData::UnitColor ': redefinition
C:\Users\Henry\source\repos\HenryWilder\cchess-2-2\cchess-2-2\Unit.h(34): message : see declaration of 'UnitData::UnitColor'
C:\Users\Henry\source\repos\HenryWilder\cchess-2-2\cchess-2-2\Unit.cpp(5,7): error C2059: syntax error: 'using namespace'
C:\Users\Henry\source\repos\HenryWilder\cchess-2-2\cchess-2-2\Unit.cpp(5,22): error C2238: unexpected token(s) preceding ';'
C:\Users\Henry\source\repos\HenryWilder\cchess-2-2\cchess-2-2\Unit.cpp(6,7): error C2059: syntax error: 'using namespace'
C:\Users\Henry\source\repos\HenryWilder\cchess-2-2\cchess-2-2\Unit.cpp(6,21): error C2238: unexpected token(s) preceding ';'
C:\Users\Henry\source\repos\HenryWilder\cchess-2-2\cchess-2-2\Unit.cpp(77,12): error C3254: 'UnitData': class contains explicit override 'NullOrEnemy' but does not derive from an interface that contains the function declaration
C:\Users\Henry\source\repos\HenryWilder\cchess-2-2\cchess-2-2\Unit.cpp(77,12): error C2838: 'NullOrEnemy': illegal qualified name in member declaration
C:\Users\Henry\source\repos\HenryWilder\cchess-2-2\cchess-2-2\Unit.cpp(83,12): error C3254: 'UnitData': class contains explicit override 'UnitIsEnemy' but does not derive from an interface that contains the function declaration
C:\Users\Henry\source\repos\HenryWilder\cchess-2-2\cchess-2-2\Unit.cpp(83,12): error C2838: 'UnitIsEnemy': illegal qualified name in member declaration
C:\Users\Henry\source\repos\HenryWilder\cchess-2-2\cchess-2-2\Unit.cpp(89,12): error C3254: 'UnitData': class contains explicit override 'SpaceHasNoTeammate' but does not derive from an interface that contains the function declaration
C:\Users\Henry\source\repos\HenryWilder\cchess-2-2\cchess-2-2\Unit.cpp(89,12): error C2838: 'SpaceHasNoTeammate': illegal qualified name in member declaration
C:\Users\Henry\source\repos\HenryWilder\cchess-2-2\cchess-2-2\Unit.cpp(96,12): error C3254: 'UnitData': class contains explicit override 'PieceIsBlocking' but does not derive from an interface that contains the function declaration
C:\Users\Henry\source\repos\HenryWilder\cchess-2-2\cchess-2-2\Unit.cpp(96,12): error C2838: 'PieceIsBlocking': illegal qualified name in member declaration
C:\Users\Henry\source\repos\HenryWilder\cchess-2-2\cchess-2-2\Unit.cpp(111,12): error C3254: 'UnitData': class contains explicit override 'LineTrace' but does not derive from an interface that contains the function declaration
C:\Users\Henry\source\repos\HenryWilder\cchess-2-2\cchess-2-2\Unit.cpp(111,12): error C2838: 'LineTrace': illegal qualified name in member declaration
C:\Users\Henry\source\repos\HenryWilder\cchess-2-2\cchess-2-2\Unit.cpp(119,18): error C3254: 'UnitData': class contains explicit override 'SetMoves' but does not derive from an interface that contains the function declaration
C:\Users\Henry\source\repos\HenryWilder\cchess-2-2\cchess-2-2\Unit.cpp(119,18): error C2838: 'SetMoves': illegal qualified name in member declaration
C:\Users\Henry\source\repos\HenryWilder\cchess-2-2\cchess-2-2\Unit.cpp(129,17): error C3254: 'UnitData': class contains explicit override 'GetMoves' but does not derive from an interface that contains the function declaration
C:\Users\Henry\source\repos\HenryWilder\cchess-2-2\cchess-2-2\Unit.cpp(129,17): error C2838: 'GetMoves': illegal qualified name in member declaration
C:\Users\Henry\source\repos\HenryWilder\cchess-2-2\cchess-2-2\Unit.cpp(135,18): error C3254: 'UnitData': class contains explicit override 'MoveIsValid' but does not derive from an interface that contains the function declaration
C:\Users\Henry\source\repos\HenryWilder\cchess-2-2\cchess-2-2\Unit.cpp(135,18): error C2838: 'MoveIsValid': illegal qualified name in member declaration
C:\Users\Henry\source\repos\HenryWilder\cchess-2-2\cchess-2-2\Unit.cpp(151,12): error C3254: 'UnitData': class contains explicit override 'Init' but does not derive from an interface that contains the function declaration
C:\Users\Henry\source\repos\HenryWilder\cchess-2-2\cchess-2-2\Unit.cpp(151,12): error C2838: 'Init': illegal qualified name in member declaration
C:\Users\Henry\source\repos\HenryWilder\cchess-2-2\cchess-2-2\Unit.cpp(160,13): error C3254: 'UnitData': class contains explicit override 'GetLocation' but does not derive from an interface that contains the function declaration
C:\Users\Henry\source\repos\HenryWilder\cchess-2-2\cchess-2-2\Unit.cpp(160,13): error C2838: 'GetLocation': illegal qualified name in member declaration
C:\Users\Henry\source\repos\HenryWilder\cchess-2-2\cchess-2-2\Unit.cpp(165,17): error C3254: 'UnitData': class contains explicit override 'GetColor' but does not derive from an interface that contains the function declaration
C:\Users\Henry\source\repos\HenryWilder\cchess-2-2\cchess-2-2\Unit.cpp(165,17): error C2838: 'GetColor': illegal qualified name in member declaration
C:\Users\Henry\source\repos\HenryWilder\cchess-2-2\cchess-2-2\Unit.cpp(170,17): error C3254: 'UnitData': class contains explicit override 'GetEnemyColor' but does not derive from an interface that contains the function declaration
C:\Users\Henry\source\repos\HenryWilder\cchess-2-2\cchess-2-2\Unit.cpp(170,17): error C2838: 'GetEnemyColor': illegal qualified name in member declaration
C:\Users\Henry\source\repos\HenryWilder\cchess-2-2\cchess-2-2\Unit.cpp(175,12): error C3254: 'UnitData': class contains explicit override 'Move' but does not derive from an interface that contains the function declaration
C:\Users\Henry\source\repos\HenryWilder\cchess-2-2\cchess-2-2\Unit.cpp(175,12): error C2838: 'Move': illegal qualified name in member declaration
C:\Users\Henry\source\repos\HenryWilder\cchess-2-2\cchess-2-2\Unit.cpp(180,23): error C3254: 'UnitData': class contains explicit override 'GetSpritePointer' but does not derive from an interface that contains the function declaration
C:\Users\Henry\source\repos\HenryWilder\cchess-2-2\cchess-2-2\Unit.cpp(180,23): error C2838: 'GetSpritePointer': illegal qualified name in member declaration
C:\Users\Henry\source\repos\HenryWilder\cchess-2-2\cchess-2-2\Unit.cpp(182,12): error C3254: 'UnitData': class contains explicit override 'AvailableMoves' but does not derive from an interface that contains the function declaration
C:\Users\Henry\source\repos\HenryWilder\cchess-2-2\cchess-2-2\Unit.cpp(182,12): error C2838: 'AvailableMoves': illegal qualified name in member declaration
C:\Users\Henry\source\repos\HenryWilder\cchess-2-2\cchess-2-2\Unit.cpp(184,13): error C3254: 'UnitData': class contains explicit override 'GetPieceType' but does not derive from an interface that contains the function declaration
C:\Users\Henry\source\repos\HenryWilder\cchess-2-2\cchess-2-2\Unit.cpp(184,13): error C2838: 'GetPieceType': illegal qualified name in member declaration
C:\Users\Henry\source\repos\HenryWilder\cchess-2-2\cchess-2-2\Unit.cpp(189,12): error C3254: 'UnitData': class contains explicit override 'IsHidden' but does not derive from an interface that contains the function declaration
C:\Users\Henry\source\repos\HenryWilder\cchess-2-2\cchess-2-2\Unit.cpp(189,12): error C2838: 'IsHidden': illegal qualified name in member declaration
C:\Users\Henry\source\repos\HenryWilder\cchess-2-2\cchess-2-2\Unit.cpp(194,12): error C3254: 'UnitData': class contains explicit override 'Hide' but does not derive from an interface that contains the function declaration
C:\Users\Henry\source\repos\HenryWilder\cchess-2-2\cchess-2-2\Unit.cpp(194,12): error C2838: 'Hide': illegal qualified name in member declaration
C:\Users\Henry\source\repos\HenryWilder\cchess-2-2\cchess-2-2\Unit.cpp(199,12): error C3254: 'UnitData': class contains explicit override 'UnHide' but does not derive from an interface that contains the function declaration
C:\Users\Henry\source\repos\HenryWilder\cchess-2-2\cchess-2-2\Unit.cpp(199,12): error C2838: 'UnHide': illegal qualified name in member declaration
C:\Users\Henry\source\repos\HenryWilder\cchess-2-2\cchess-2-2\Unit.cpp(204,21): error C3254: 'UnitData': class contains explicit override 'GetID' but does not derive from an interface that contains the function declaration
C:\Users\Henry\source\repos\HenryWilder\cchess-2-2\cchess-2-2\Unit.cpp(204,21): error C2838: 'GetID': illegal qualified name in member declaration
C:\Users\Henry\source\repos\HenryWilder\cchess-2-2\cchess-2-2\Unit.cpp(209,12): error C3254: 'UnitData': class contains explicit override 'CouldITakeAt' but does not derive from an interface that contains the function declaration
C:\Users\Henry\source\repos\HenryWilder\cchess-2-2\cchess-2-2\Unit.cpp(209,12): error C2838: 'CouldITakeAt': illegal qualified name in member declaration
C:\Users\Henry\source\repos\HenryWilder\cchess-2-2\cchess-2-2\Unit.cpp(213,1): fatal error C1004: unexpected end-of-file found
  Utils.cpp
  Generating Code...
