c:\users\henry\source\repos\henrywilder\cchess-2-2\cchess-2-2\x64\debug\vc143.pdb
c:\users\henry\source\repos\henrywilder\cchess-2-2\cchess-2-2\x64\debug\vc143.idb
c:\users\henry\source\repos\henrywilder\cchess-2-2\cchess-2-2\x64\debug\utils.obj
c:\users\henry\source\repos\henrywilder\cchess-2-2\cchess-2-2\x64\debug\unit.obj
c:\users\henry\source\repos\henrywilder\cchess-2-2\cchess-2-2\x64\debug\rendering.obj
c:\users\henry\source\repos\henrywilder\cchess-2-2\cchess-2-2\x64\debug\main.obj
c:\users\henry\source\repos\henrywilder\cchess-2-2\cchess-2-2\x64\debug\input.obj
c:\users\henry\source\repos\henrywilder\cchess-2-2\cchess-2-2\x64\debug\board.obj
c:\users\henry\source\repos\henrywilder\cchess-2-2\cchess-2-2\x64\debug\unitdirections.obj
c:\users\henry\source\repos\henrywilder\cchess-2-2\cchess-2-2\x64\debug\queen.obj
c:\users\henry\source\repos\henrywilder\cchess-2-2\cchess-2-2\x64\debug\king.obj
c:\users\henry\source\repos\henrywilder\cchess-2-2\cchess-2-2\x64\debug\rook.obj
c:\users\henry\source\repos\henrywilder\cchess-2-2\cchess-2-2\x64\debug\bishop.obj
c:\users\henry\source\repos\henrywilder\cchess-2-2\cchess-2-2\x64\debug\pawn.obj
c:\users\henry\source\repos\henrywilder\cchess-2-2\cchess-2-2\x64\debug\sprites.obj
c:\users\henry\source\repos\henrywilder\cchess-2-2\cchess-2-2\x64\debug\knight.obj
c:\users\henry\source\repos\henrywilder\cchess-2-2\x64\debug\cchess-2-2.exe
c:\users\henry\source\repos\henrywilder\cchess-2-2\cchess-2-2\x64\debug\cchess-2-2.ilk
c:\users\henry\source\repos\henrywilder\cchess-2-2\x64\debug\cchess-2-2.pdb
c:\users\henry\source\repos\henrywilder\cchess-2-2\cchess-2-2\x64\debug\cchess-2-2.tlog\cl.command.1.tlog
c:\users\henry\source\repos\henrywilder\cchess-2-2\cchess-2-2\x64\debug\cchess-2-2.tlog\cl.read.1.tlog
c:\users\henry\source\repos\henrywilder\cchess-2-2\cchess-2-2\x64\debug\cchess-2-2.tlog\cl.write.1.tlog
c:\users\henry\source\repos\henrywilder\cchess-2-2\cchess-2-2\x64\debug\cchess-2-2.tlog\link.command.1.tlog
c:\users\henry\source\repos\henrywilder\cchess-2-2\cchess-2-2\x64\debug\cchess-2-2.tlog\link.read.1.tlog
c:\users\henry\source\repos\henrywilder\cchess-2-2\cchess-2-2\x64\debug\cchess-2-2.tlog\link.write.1.tlog
